 SPEC benchmark 103.su2cor

 +++++++++++++++++++++++++++++++++++++++++++++++++++++++++++++++++++++++++++
 PROGRAM SU2V1COR -- MODIFIED HEAT BATH ALGORITHM
    -- VECTORIZED PROGRAM IN STANDARD FORTRAN
    -- GLUEBALL CORRELATIONS FOR 1X1 AND 2X2 LOOP OPERATORS
    -- INTEGRAL EXPRESSIONS FOR LOOP OPERATORS USED


 DIMENSION =  4
 SIZE      = 12 12 12 12


 VECTOR LENGTH:     1296
 IN SWEEP:  MAXATT =   5
 IN BESTAB: NSTEPS = 200      ERROR  =  0.100E-07
 IN INT4:   NDMAX4 =   8      ERROR4 =  0.100E-06
 IN INT2:   NDMAX2 =  10      ERROR2 =  0.100E-06


 RANDOM START


 ---------------------------------------------------------------------------
 BETA  =  2.6000

 CLEAR COUNTERS

 THERMALISATION:     0 ITERATIONS
 MEASUREMENT   :    40 ITERATIONS

 FREQUENCY OF CORRELATION MEASUREMENTS:    5 ITERATION(S)

 SAVE FREQUENCY:   100 ITERATIONS, UNIT = 10

                             E               FUNDAMENTAL POLYAKOV LINE AVERAGES
   ITER   ACPT      CURRENT     AVERAGE        1         2         3         4
      5  0.8843    0.675341    0.718615    0.000000  0.000000  0.000000  0.000000
     10  0.8818    0.671261    0.695266    0.000000  0.000000  0.000000  0.000000
     15  0.8855    0.668343    0.687197    0.000000  0.000000  0.000000  0.000000
     20  0.8838    0.672267    0.683348    0.000000  0.000000  0.000000  0.000000
     25  0.8857    0.669223    0.680566    0.000000  0.000000  0.000000  0.000000
     30  0.8835    0.670568    0.678861    0.000000  0.000000  0.000000  0.000000
     35  0.8882    0.669666    0.677674    0.000000  0.000000  0.000000  0.000000
     40  0.8863    0.669946    0.676787    0.000000  0.000000  0.000000  0.000000
