
 KERNEL B:  SOLVING A POISSON PROBLEM ON A  32 BY  32 BY  32 GRID,
 USING * MULTIGRID ITERATIONS.

  NEGATIVE CHARGES AT
 (  9, 16, 28) ( 10, 27, 24) ( 28, 17, 33) ( 22, 21, 13) (  7, 19, 10)
 ( 14,  4,  3) (  6, 30, 17) (  7, 16,  2) ( 15, 10, 19) (  2, 13,  4)
  POSITIVE CHARGES AT
 ( 19, 28, 19) ( 30,  2, 30) ( 32,  6, 27) ( 14, 17, 14) ( 23, 33,  8)
 (  3, 18, 23) (  6, 24,  5) (  4,  2,  5) ( 21, 31, 33) (  9,  3, 22)
   -0.418892E-01
   -0.386696E-01
   -0.259333E-01
   -0.247387E-01
   -0.244292E-01
   -0.409816E-02
   -0.477965E-02
   -0.342027E-02
   -0.312134E-02
   -0.272513E-01
   -0.546055E-03
   -0.711746E-03
   -0.593518E-03
   -0.472468E-03
   -0.276603E-01
   -0.645291E-04
   -0.108633E-03
   -0.118036E-03
   -0.587503E-04
   -0.277274E-01
   -0.492510E-05
   -0.173862E-04
   -0.295822E-04
   -0.622560E-05
   -0.277356E-01
    0.651295E-06
   -0.298185E-05
   -0.857190E-05
   -0.341012E-06
   -0.277377E-01
    0.503484E-06
   -0.575923E-06
   -0.266867E-05
    0.131506E-06
   -0.277381E-01
    0.190976E-06
   -0.133440E-06
   -0.856788E-06
    0.671763E-07
   -0.277382E-01
    0.602377E-07
   -0.380708E-07
   -0.278758E-06
    0.231609E-07
   -0.277382E-01
    0.171856E-07
   -0.127798E-07
   -0.913755E-07
    0.654635E-08
   -0.277383E-01
    0.447634E-08
   -0.469962E-08
   -0.301193E-07
    0.159107E-08
   -0.277383E-01
    0.102255E-08
   -0.179803E-08
   -0.998113E-08
    0.284103E-09
   -0.277383E-01
    0.172862E-09
   -0.697122E-09
   -0.332556E-08
    0.256340E-11
   -0.277383E-01
   -0.159562E-11
   -0.270803E-09
   -0.111421E-08
   -0.329200E-10
   -0.277383E-01
   -0.213579E-10
   -0.104928E-09
   -0.375396E-09
   -0.231293E-10
   -0.277383E-01
   -0.144614E-10
   -0.404885E-10
   -0.127173E-09
   -0.120674E-10
   -0.277383E-01
   -0.741850E-11
   -0.155515E-10
   -0.433100E-10
   -0.557855E-11
   -0.277383E-01
   -0.339551E-11
   -0.594581E-11
   -0.148233E-10
   -0.241464E-11
   -0.277383E-01
   -0.146052E-11
   -0.226312E-11
   -0.509697E-11
   -0.100273E-11
   -0.277383E-01
   -0.604183E-12
   -0.857727E-12
   -0.176007E-11
   -0.404745E-12
   -0.277383E-01
   -0.243377E-12
   -0.323786E-12
   -0.610148E-12
   -0.160045E-12
   -0.277383E-01
   -0.961470E-13
   -0.121746E-12
   -0.212242E-12
   -0.622891E-13
   -0.277383E-01
   -0.374359E-13
   -0.456222E-13
   -0.740688E-13
   -0.239458E-13
   -0.277383E-01
   -0.144117E-13
   -0.170372E-13
   -0.259143E-13
   -0.911894E-14
   -0.277383E-01
   -0.548851E-14
   -0.633211E-14
   -0.908618E-14
   -0.343945E-14
   -0.277383E-01
   -0.209364E-14
   -0.237250E-14
   -0.320934E-14
   -0.130661E-14
   -0.277383E-01
   -0.775834E-15
   -0.862908E-15
   -0.112257E-14
   -0.478831E-15
   -0.277383E-01
   -0.298436E-15
   -0.327776E-15
   -0.400733E-15
   -0.185007E-15
   -0.277383E-01
   -0.110300E-15
   -0.122280E-15
   -0.140728E-15
   -0.642523E-16
   -0.277383E-01
   -0.393770E-16
   -0.429207E-16
   -0.521360E-16
   -0.274085E-16
   -0.277383E-01
   -0.239038E-16
   -0.272945E-16
   -0.234793E-16
   -0.141175E-16
   -0.277383E-01
    0.815684E-17
    0.117266E-16
    0.557414E-17
    0.375673E-17
   -0.277383E-01
   -0.159686E-16
   -0.215276E-16
   -0.184884E-16
   -0.149086E-16
   -0.277383E-01
    0.982805E-17
    0.103978E-16
    0.525462E-17
    0.823470E-17
   -0.277383E-01
   -0.555825E-17
   -0.618364E-17
   -0.115502E-17
   -0.200076E-17
   -0.277383E-01
   -0.381115E-17
    0.108114E-17
    0.279368E-18
   -0.276393E-17
   -0.277383E-01
    0.569364E-18
   -0.254267E-17
    0.443087E-18
   -0.373741E-18
   -0.277383E-01
   -0.167230E-18
    0.214072E-18
    0.222550E-17
    0.152487E-17
   -0.277383E-01
   -0.280326E-17
   -0.446850E-17
   -0.321152E-17
   -0.588104E-18
   -0.277383E-01
   -0.194252E-17
   -0.220682E-17
   -0.555652E-17
   -0.470388E-17
   -0.277383E-01

   IT    L2-NORM(R)         UNIF-NORM(R)
   0 0.247052942201E-01 0.100000000000E+01
  40 0.493288015097E-17 0.225514051877E-15
  NEGATIVE CHARGES AT
 (  8,  7,  3) ( 11, 23, 16) (  3, 18, 28) ( 11, 30, 22) ( 15, 22, 12)
 (  6,  4, 13) ( 14, 31, 22) ( 28, 11, 13) ( 13,  3, 16) ( 15,  5, 25)
  POSITIVE CHARGES AT
 ( 29,  6, 16) (  7, 18, 14) ( 33,  3, 23) ( 25, 17, 33) ( 17, 10,  8)
 ( 33, 18, 12) ( 17, 11, 26) ( 28, 15, 15) (  9,  6, 14) ( 23, 15,  5)
    0.405121E-02
    0.560760E-02
    0.203856E-02
    0.204338E-02
    0.203727E-02
   -0.334807E-03
    0.540101E-03
   -0.206128E-03
   -0.110848E-03
    0.193788E-02
    0.507138E-04
    0.123726E-03
   -0.553700E-04
   -0.192064E-04
    0.192406E-02
    0.253612E-04
    0.333943E-04
   -0.157551E-04
   -0.429324E-05
    0.192056E-02
    0.729628E-05
    0.794540E-05
   -0.633060E-05
   -0.232346E-05
    0.191822E-02
    0.173806E-05
    0.171242E-05
   -0.260460E-05
   -0.124269E-05
    0.191690E-02
    0.350816E-06
    0.305339E-06
   -0.102955E-05
   -0.570879E-06
    0.191630E-02
    0.494362E-07
    0.272655E-07
   -0.390311E-06
   -0.239629E-06
    0.191605E-02
   -0.334059E-08
   -0.124407E-07
   -0.143790E-06
   -0.950271E-07
    0.191595E-02
   -0.710191E-08
   -0.106076E-07
   -0.519684E-07
   -0.364692E-07
    0.191591E-02
   -0.424727E-08
   -0.555690E-08
   -0.185546E-07
   -0.136981E-07
    0.191589E-02
   -0.202717E-08
   -0.250710E-08
   -0.657219E-08
   -0.507525E-08
    0.191589E-02
   -0.880194E-09
   -0.105377E-08
   -0.231585E-08
   -0.186263E-08
    0.191589E-02
   -0.363152E-09
   -0.425316E-09
   -0.813180E-09
   -0.679073E-09
    0.191589E-02
   -0.145165E-09
   -0.167258E-09
   -0.284847E-09
   -0.246360E-09
    0.191589E-02
   -0.567960E-10
   -0.645995E-10
   -0.996045E-10
   -0.890441E-10
    0.191589E-02
   -0.218784E-10
   -0.246210E-10
   -0.347842E-10
   -0.320893E-10
    0.191589E-02
   -0.832853E-11
   -0.928833E-11
   -0.121351E-10
   -0.115366E-10
    0.191589E-02
   -0.314085E-11
   -0.347557E-11
   -0.423008E-11
   -0.413934E-11
    0.191589E-02
   -0.117545E-11
   -0.129183E-11
   -0.147350E-11
   -0.148267E-11
    0.191589E-02
   -0.437103E-12
   -0.477466E-12
   -0.512964E-12
   -0.530285E-12
    0.191589E-02
   -0.161662E-12
   -0.175628E-12
   -0.178477E-12
   -0.189410E-12
    0.191589E-02
   -0.595085E-13
   -0.643312E-13
   -0.620636E-13
   -0.675722E-13
    0.191589E-02
   -0.218180E-13
   -0.234794E-13
   -0.215739E-13
   -0.240832E-13
    0.191589E-02
   -0.796848E-14
   -0.854078E-14
   -0.749267E-14
   -0.857179E-14
    0.191589E-02
   -0.290223E-14
   -0.309629E-14
   -0.260060E-14
   -0.304732E-14
    0.191589E-02
   -0.105128E-14
   -0.111815E-14
   -0.901495E-15
   -0.108218E-14
    0.191589E-02
   -0.384208E-15
   -0.406228E-15
   -0.314827E-15
   -0.386309E-15
    0.191589E-02
   -0.138695E-15
   -0.148832E-15
   -0.112229E-15
   -0.139755E-15
    0.191589E-02
   -0.530365E-16
   -0.579058E-16
   -0.429196E-16
   -0.539665E-16
    0.191589E-02
   -0.157547E-16
   -0.154097E-16
   -0.104821E-16
   -0.145271E-16
    0.191589E-02
   -0.459417E-17
   -0.555821E-17
   -0.292406E-17
   -0.450244E-17
    0.191589E-02
   -0.698422E-18
    0.126103E-17
    0.190729E-17
    0.133844E-17
    0.191589E-02
    0.122107E-17
    0.139679E-17
    0.212346E-17
    0.209568E-17
    0.191589E-02
    0.130682E-17
    0.305477E-17
    0.417225E-17
    0.410523E-17
    0.191589E-02
   -0.199832E-17
   -0.180500E-17
   -0.179549E-17
   -0.216020E-17
    0.191589E-02
    0.148205E-17
   -0.203548E-17
   -0.180260E-17
   -0.219719E-17
    0.191589E-02
   -0.157690E-17
   -0.372243E-17
   -0.440897E-17
   -0.429202E-17
    0.191589E-02
   -0.295797E-19
    0.331657E-17
    0.300799E-17
    0.299864E-17
    0.191589E-02
   -0.653054E-17
   -0.102894E-16
   -0.114137E-16
   -0.118116E-16
    0.191589E-02

   IT    L2-NORM(R)         UNIF-NORM(R)
   0 0.247052942201E-01 0.100000000000E+01
  40 0.575740156011E-17 0.152655665886E-15
  NEGATIVE CHARGES AT
 ( 30,  9, 17) (  9, 28, 29) ( 33, 25,  9) ( 14, 22, 27) ( 19, 30, 19)
 (  7,  7, 12) ( 16, 33, 22) ( 15, 20, 13) ( 17, 21, 32) ( 16, 10,  3)
  POSITIVE CHARGES AT
 ( 26, 25, 25) ( 10, 11, 28) ( 22, 29, 13) ( 26, 15, 10) (  6, 27,  7)
 ( 31, 22,  6) ( 18, 22, 21) ( 11, 12, 12) ( 32, 32, 30) ( 33, 29,  3)
   -0.284691E-01
   -0.434532E-01
   -0.275926E-01
   -0.263611E-01
   -0.278598E-01
   -0.248438E-02
   -0.441175E-02
   -0.412007E-02
   -0.117509E-02
   -0.300357E-01
   -0.215426E-03
   -0.400494E-03
   -0.529738E-03
   -0.674548E-04
   -0.303271E-01
   -0.249247E-05
   -0.225911E-04
   -0.738662E-04
    0.383919E-04
   -0.303175E-01
    0.635491E-05
    0.422236E-05
   -0.110248E-04
    0.157343E-04
   -0.303141E-01
    0.270230E-05
    0.242972E-05
   -0.182699E-05
    0.518493E-05
   -0.303110E-01
    0.907828E-06
    0.857045E-06
   -0.328021E-06
    0.153808E-05
   -0.303102E-01
    0.290930E-06
    0.276952E-06
   -0.580285E-07
    0.464805E-06
   -0.303099E-01
    0.935963E-07
    0.892544E-07
   -0.794751E-08
    0.141994E-06
   -0.303098E-01
    0.306918E-07
    0.293429E-07
    0.418756E-09
    0.448392E-07
   -0.303098E-01
    0.102764E-07
    0.987366E-08
    0.104708E-08
    0.145024E-07
   -0.303098E-01
    0.350266E-08
    0.338751E-08
    0.633628E-09
    0.480292E-08
   -0.303098E-01
    0.121025E-08
    0.117892E-08
    0.302267E-09
    0.161754E-08
   -0.303098E-01
    0.422304E-09
    0.414300E-09
    0.130309E-09
    0.551995E-09
   -0.303098E-01
    0.148375E-09
    0.146520E-09
    0.530958E-10
    0.190093E-09
   -0.303098E-01
    0.523760E-10
    0.520240E-10
    0.208786E-10
    0.658921E-10
   -0.303098E-01
    0.185469E-10
    0.185158E-10
    0.801261E-11
    0.229414E-10
   -0.303098E-01
    0.658140E-11
    0.659876E-11
    0.302175E-11
    0.801165E-11
   -0.303098E-01
    0.233860E-11
    0.235331E-11
    0.112484E-11
    0.280350E-11
   -0.303098E-01
    0.831681E-12
    0.839452E-12
    0.414539E-12
    0.982315E-12
   -0.303098E-01
    0.295924E-12
    0.299432E-12
    0.151582E-12
    0.344488E-12
   -0.303098E-01
    0.105319E-12
    0.106783E-12
    0.550808E-13
    0.120867E-12
   -0.303098E-01
    0.374970E-13
    0.380866E-13
    0.199297E-13
    0.424458E-13
   -0.303098E-01
    0.133399E-13
    0.135590E-13
    0.716167E-14
    0.148786E-13
   -0.303098E-01
    0.475080E-14
    0.483707E-14
    0.257530E-14
    0.523315E-14
   -0.303098E-01
    0.168613E-14
    0.171481E-14
    0.909332E-15
    0.182633E-14
   -0.303098E-01
    0.604966E-15
    0.618408E-15
    0.337137E-15
    0.649946E-15
   -0.303098E-01
    0.207424E-15
    0.208575E-15
    0.112437E-15
    0.221654E-15
   -0.303098E-01
    0.680132E-16
    0.695128E-16
    0.315558E-16
    0.685117E-16
   -0.303098E-01
    0.404946E-16
    0.461284E-16
    0.327545E-16
    0.440702E-16
   -0.303098E-01
   -0.106610E-17
   -0.615012E-17
   -0.832596E-17
   -0.861262E-17
   -0.303098E-01
    0.641686E-17
    0.778491E-17
    0.633337E-17
    0.571366E-17
   -0.303098E-01
    0.166015E-17
    0.378500E-17
   -0.365803E-17
   -0.264506E-17
   -0.303098E-01
   -0.763968E-17
   -0.967771E-17
   -0.205224E-18
    0.594033E-18
   -0.303098E-01
    0.720926E-17
    0.672076E-17
    0.256144E-17
    0.497944E-17
   -0.303098E-01
   -0.123804E-16
   -0.148905E-16
   -0.175202E-16
   -0.143421E-16
   -0.303098E-01
    0.725654E-17
    0.106440E-16
    0.129893E-16
    0.133079E-16
   -0.303098E-01
   -0.107669E-16
   -0.158247E-16
   -0.170596E-16
   -0.114584E-16
   -0.303098E-01
    0.973365E-17
    0.156721E-16
    0.170921E-16
    0.116023E-16
   -0.303098E-01
   -0.134155E-16
   -0.198084E-16
   -0.154796E-16
   -0.164774E-16
   -0.303098E-01

   IT    L2-NORM(R)         UNIF-NORM(R)
   0 0.247052942201E-01 0.100000000000E+01
  40 0.484393560049E-17 0.170002900646E-15
  NEGATIVE CHARGES AT
 ( 14, 33, 25) ( 21,  7,  3) (  5,  2, 11) ( 14, 12, 28) ( 13, 25, 31)
 (  3, 13, 21) ( 26, 23, 31) ( 15, 22, 26) ( 14, 13, 14) ( 30, 31, 11)
  POSITIVE CHARGES AT
 ( 24, 14, 12) (  8,  7, 12) ( 30, 17, 13) ( 28, 30,  9) ( 25, 27, 31)
 (  4, 16, 25) ( 15, 31, 32) (  5, 13, 32) ( 24, 32,  6) ( 25, 24, 32)
   -0.333023E-02
   -0.188828E-02
   -0.236762E-02
   -0.256029E-02
   -0.259719E-02
   -0.137499E-02
   -0.261816E-02
   -0.160230E-02
   -0.162266E-02
   -0.421364E-02
   -0.478143E-03
   -0.666425E-03
   -0.347222E-03
   -0.380809E-03
   -0.459732E-02
   -0.123914E-03
   -0.153693E-03
   -0.683436E-04
   -0.804765E-04
   -0.467914E-02
   -0.284616E-04
   -0.332830E-04
   -0.115975E-04
   -0.152232E-04
   -0.469487E-02
   -0.595298E-05
   -0.673825E-05
   -0.122068E-05
   -0.231331E-05
   -0.469734E-02
   -0.109214E-05
   -0.120254E-05
    0.222483E-06
   -0.119608E-06
   -0.469749E-02
   -0.143240E-06
   -0.148071E-06
    0.227254E-06
    0.115873E-06
   -0.469739E-02
    0.755804E-08
    0.136630E-07
    0.114439E-06
    0.767359E-07
   -0.469731E-02
    0.168104E-07
    0.208915E-07
    0.483625E-07
    0.352032E-07
   -0.469728E-02
    0.946125E-08
    0.113979E-07
    0.189595E-07
    0.142669E-07
   -0.469726E-02
    0.424901E-08
    0.506216E-08
    0.714833E-08
    0.545287E-08
   -0.469726E-02
    0.174362E-08
    0.206426E-08
    0.263595E-08
    0.201924E-08
   -0.469725E-02
    0.683676E-09
    0.805347E-09
    0.959022E-09
    0.734171E-09
   -0.469725E-02
    0.261241E-09
    0.306225E-09
    0.345977E-09
    0.264031E-09
   -0.469725E-02
    0.982628E-10
    0.114584E-09
    0.124131E-09
    0.943263E-10
   -0.469725E-02
    0.365859E-10
    0.424236E-10
    0.443737E-10
    0.335643E-10
   -0.469725E-02
    0.135280E-10
    0.155929E-10
    0.158232E-10
    0.119153E-10
   -0.469725E-02
    0.497762E-11
    0.570147E-11
    0.563274E-11
    0.422439E-11
   -0.469725E-02
    0.182483E-11
    0.207674E-11
    0.200275E-11
    0.149673E-11
   -0.469725E-02
    0.667108E-12
    0.754239E-12
    0.711493E-12
    0.530178E-12
   -0.469725E-02
    0.243321E-12
    0.273306E-12
    0.252615E-12
    0.187805E-12
   -0.469725E-02
    0.885842E-13
    0.988603E-13
    0.896596E-13
    0.665424E-13
   -0.469725E-02
    0.321981E-13
    0.357065E-13
    0.318139E-13
    0.235826E-13
   -0.469725E-02
    0.116856E-13
    0.128788E-13
    0.112856E-13
    0.835860E-14
   -0.469725E-02
    0.424035E-14
    0.464456E-14
    0.400762E-14
    0.296844E-14
   -0.469725E-02
    0.153520E-14
    0.167659E-14
    0.142462E-14
    0.105622E-14
   -0.469725E-02
    0.551306E-15
    0.595237E-15
    0.498128E-15
    0.367384E-15
   -0.469725E-02
    0.197972E-15
    0.212605E-15
    0.176222E-15
    0.129650E-15
   -0.469725E-02
    0.705283E-16
    0.758665E-16
    0.610798E-16
    0.441519E-16
   -0.469725E-02
    0.324057E-16
    0.338562E-16
    0.296371E-16
    0.232435E-16
   -0.469725E-02
    0.114874E-16
    0.152433E-16
    0.119551E-16
    0.112656E-16
   -0.469725E-02
    0.520968E-17
    0.354704E-17
    0.414260E-17
    0.370566E-17
   -0.469725E-02
   -0.520769E-18
   -0.189578E-17
   -0.352287E-17
   -0.404327E-17
   -0.469725E-02
    0.293611E-17
    0.319147E-17
    0.422215E-17
    0.364008E-17
   -0.469725E-02
   -0.258914E-17
   -0.116675E-17
   -0.107209E-17
   -0.837263E-18
   -0.469725E-02
   -0.150354E-17
   -0.105458E-17
   -0.131913E-17
   -0.232695E-17
   -0.469725E-02
    0.588164E-17
    0.620717E-17
    0.692819E-17
    0.664748E-17
   -0.469725E-02
   -0.170818E-17
   -0.174550E-17
   -0.252841E-17
   -0.202759E-17
   -0.469725E-02
   -0.103173E-17
   -0.108559E-17
   -0.150149E-17
   -0.173363E-17
   -0.469725E-02

   IT    L2-NORM(R)         UNIF-NORM(R)
   0 0.247052942201E-01 0.100000000000E+01
  40 0.436015760869E-17 0.149186218934E-15
  NEGATIVE CHARGES AT
 ( 18, 11,  4) ( 10, 12,  6) ( 20, 14, 14) ( 16,  4, 21) ( 22, 28, 25)
 ( 28, 30, 12) ( 32, 15, 22) ( 21,  5, 23) (  7, 22, 20) ( 13, 14, 22)
  POSITIVE CHARGES AT
 (  7, 31, 10) ( 33,  8, 30) ( 23, 13, 32) ( 14,  8,  5) (  6, 21, 25)
 ( 19,  7, 33) ( 12,  7, 24) ( 17, 19, 15) ( 23, 13, 17) (  5, 25, 27)
   -0.103416E-01
   -0.741196E-02
   -0.709291E-02
   -0.722243E-02
   -0.723726E-02
   -0.141919E-02
   -0.124127E-02
   -0.104436E-02
   -0.107110E-02
   -0.827143E-02
   -0.349769E-03
   -0.381924E-03
   -0.271016E-03
   -0.291216E-03
   -0.855014E-02
   -0.938842E-04
   -0.118393E-03
   -0.770668E-04
   -0.799228E-04
   -0.862959E-02
   -0.271202E-04
   -0.376704E-04
   -0.231511E-04
   -0.227796E-04
   -0.865299E-02
   -0.829344E-05
   -0.122135E-04
   -0.729274E-05
   -0.684873E-05
   -0.866021E-02
   -0.264546E-05
   -0.401763E-05
   -0.236081E-05
   -0.211615E-05
   -0.866250E-02
   -0.868993E-06
   -0.133704E-05
   -0.777976E-06
   -0.672590E-06
   -0.866324E-02
   -0.291278E-06
   -0.449007E-06
   -0.259213E-06
   -0.218479E-06
   -0.866349E-02
   -0.989905E-07
   -0.151831E-06
   -0.870166E-07
   -0.722046E-07
   -0.866357E-02
   -0.339618E-07
   -0.516072E-07
   -0.293556E-07
   -0.241900E-07
   -0.866360E-02
   -0.117276E-07
   -0.176089E-07
   -0.993739E-08
   -0.818767E-08
   -0.866361E-02
   -0.406794E-08
   -0.602562E-08
   -0.337208E-08
   -0.279331E-08
   -0.866361E-02
   -0.141542E-08
   -0.206642E-08
   -0.114628E-08
   -0.958657E-09
   -0.866361E-02
   -0.493554E-09
   -0.709861E-09
   -0.390195E-09
   -0.330523E-09
   -0.866361E-02
   -0.172364E-09
   -0.244187E-09
   -0.132974E-09
   -0.114361E-09
   -0.866361E-02
   -0.602608E-10
   -0.840943E-10
   -0.453614E-10
   -0.396793E-10
   -0.866361E-02
   -0.210849E-10
   -0.289896E-10
   -0.154888E-10
   -0.137980E-10
   -0.866361E-02
   -0.738197E-11
   -0.100025E-10
   -0.529358E-11
   -0.480684E-11
   -0.866361E-02
   -0.258571E-11
   -0.345408E-11
   -0.181086E-11
   -0.167709E-11
   -0.866361E-02
   -0.906070E-12
   -0.119372E-11
   -0.620065E-12
   -0.585889E-12
   -0.866361E-02
   -0.317602E-12
   -0.412857E-12
   -0.212519E-12
   -0.204901E-12
   -0.866361E-02
   -0.111358E-12
   -0.142894E-12
   -0.729112E-13
   -0.717257E-13
   -0.866361E-02
   -0.390602E-13
   -0.494957E-13
   -0.250423E-13
   -0.251337E-13
   -0.866361E-02
   -0.137042E-13
   -0.171575E-13
   -0.860986E-14
   -0.881351E-14
   -0.866361E-02
   -0.480963E-14
   -0.595429E-14
   -0.296423E-14
   -0.309423E-14
   -0.866361E-02
   -0.168522E-14
   -0.206299E-14
   -0.101877E-14
   -0.108355E-14
   -0.866361E-02
   -0.593948E-15
   -0.716026E-15
   -0.350683E-15
   -0.380164E-15
   -0.866361E-02
   -0.212674E-15
   -0.254701E-15
   -0.125694E-15
   -0.136813E-15
   -0.866361E-02
   -0.728991E-16
   -0.897844E-16
   -0.447275E-16
   -0.492747E-16
   -0.866361E-02
   -0.223719E-16
   -0.265801E-16
   -0.104471E-16
   -0.122599E-16
   -0.866361E-02
   -0.132066E-16
   -0.129846E-16
   -0.840216E-17
   -0.962860E-17
   -0.866361E-02
   -0.460989E-17
   -0.562618E-17
   -0.509929E-17
   -0.523831E-17
   -0.866361E-02
   -0.206984E-17
   -0.256429E-17
   -0.102561E-17
   -0.132816E-17
   -0.866361E-02
   -0.200400E-18
   -0.202925E-17
   -0.198130E-17
   -0.270847E-17
   -0.866361E-02
   -0.741681E-18
   -0.126165E-17
   -0.966395E-18
   -0.475608E-18
   -0.866361E-02
   -0.310584E-17
   -0.312072E-17
   -0.337872E-17
   -0.378182E-17
   -0.866361E-02
   -0.212946E-17
   -0.224948E-17
   -0.199294E-17
   -0.204747E-17
   -0.866361E-02
    0.438138E-17
    0.679463E-17
    0.665311E-17
    0.634640E-17
   -0.866361E-02
   -0.458714E-17
   -0.757636E-17
   -0.825266E-17
   -0.867926E-17
   -0.866361E-02

   IT    L2-NORM(R)         UNIF-NORM(R)
   0 0.247052942201E-01 0.100000000000E+01
  40 0.425383887661E-17 0.166533453694E-15
  NEGATIVE CHARGES AT
 ( 20, 32, 18) ( 23, 26,  5) ( 16,  9,  3) (  2,  7, 20) (  8, 32, 21)
 ( 22,  7, 12) (  9, 12, 19) ( 16, 25, 23) ( 30, 33, 18) (  5,  7, 33)
  POSITIVE CHARGES AT
 (  3,  5,  5) (  4, 29,  4) ( 12,  5, 15) (  4, 18, 27) ( 30, 27, 29)
 (  5,  4, 27) ( 32, 21, 14) ( 17, 29, 29) ( 14,  7,  2) ( 26,  5, 27)
   -0.230141E-01
   -0.233727E-01
   -0.151943E-01
   -0.148856E-01
   -0.147984E-01
   -0.638200E-02
   -0.636214E-02
   -0.490920E-02
   -0.470453E-02
   -0.194892E-01
   -0.112498E-02
   -0.121156E-02
   -0.932642E-03
   -0.853960E-03
   -0.203593E-01
   -0.217364E-03
   -0.261056E-03
   -0.199958E-03
   -0.181056E-03
   -0.205475E-01
   -0.456587E-04
   -0.624926E-04
   -0.481264E-04
   -0.439274E-04
   -0.205893E-01
   -0.103048E-04
   -0.162414E-04
   -0.127720E-04
   -0.110464E-04
   -0.206008E-01
   -0.247766E-05
   -0.449589E-05
   -0.362981E-05
   -0.298287E-05
   -0.206037E-01
   -0.632879E-06
   -0.130735E-05
   -0.108409E-05
   -0.834288E-06
   -0.206045E-01
   -0.171727E-06
   -0.395194E-06
   -0.334999E-06
   -0.241599E-06
   -0.206048E-01
   -0.494536E-07
   -0.123164E-06
   -0.106132E-06
   -0.718821E-07
   -0.206049E-01
   -0.150490E-07
   -0.393040E-07
   -0.342244E-07
   -0.218631E-07
   -0.206049E-01
   -0.480068E-08
   -0.127716E-07
   -0.111814E-07
   -0.677418E-08
   -0.206049E-01
   -0.158946E-08
   -0.420705E-08
   -0.368794E-08
   -0.212947E-08
   -0.206049E-01
   -0.540827E-09
   -0.140009E-08
   -0.122506E-08
   -0.677325E-09
   -0.206049E-01
   -0.187533E-09
   -0.469540E-09
   -0.409118E-09
   -0.217399E-09
   -0.206049E-01
   -0.658437E-10
   -0.158390E-09
   -0.137194E-09
   -0.702814E-10
   -0.206049E-01
   -0.233012E-10
   -0.536716E-10
   -0.461576E-10
   -0.228480E-10
   -0.206049E-01
   -0.828542E-11
   -0.182523E-10
   -0.155712E-10
   -0.746082E-11
   -0.206049E-01
   -0.295419E-11
   -0.622534E-11
   -0.526495E-11
   -0.244497E-11
   -0.206049E-01
   -0.105480E-11
   -0.212851E-11
   -0.178377E-11
   -0.803581E-12
   -0.206049E-01
   -0.376844E-12
   -0.729319E-12
   -0.605454E-12
   -0.264768E-12
   -0.206049E-01
   -0.134635E-12
   -0.250360E-12
   -0.205842E-12
   -0.874123E-13
   -0.206049E-01
   -0.481054E-13
   -0.861048E-13
   -0.701016E-13
   -0.289218E-13
   -0.206049E-01
   -0.171795E-13
   -0.296634E-13
   -0.239109E-13
   -0.958959E-14
   -0.206049E-01
   -0.612631E-14
   -0.102235E-13
   -0.816367E-14
   -0.317734E-14
   -0.206049E-01
   -0.218193E-14
   -0.353266E-14
   -0.279246E-14
   -0.105682E-14
   -0.206049E-01
   -0.782670E-15
   -0.122539E-14
   -0.958271E-15
   -0.354518E-15
   -0.206049E-01
   -0.277043E-15
   -0.420843E-15
   -0.324281E-15
   -0.115656E-15
   -0.206049E-01
   -0.997596E-16
   -0.150318E-15
   -0.116454E-15
   -0.409290E-16
   -0.206049E-01
   -0.428755E-16
   -0.557401E-16
   -0.418806E-16
   -0.173657E-16
   -0.206049E-01
   -0.166468E-16
   -0.276317E-16
   -0.248569E-16
   -0.150326E-16
   -0.206049E-01
   -0.682250E-18
    0.244399E-17
    0.451473E-17
    0.733803E-17
   -0.206049E-01
   -0.574782E-17
   -0.109574E-16
   -0.100001E-16
   -0.539447E-17
   -0.206049E-01
    0.305890E-17
    0.490804E-17
    0.288181E-17
    0.976953E-18
   -0.206049E-01
   -0.100455E-17
   -0.207982E-17
   -0.251123E-17
   -0.232934E-17
   -0.206049E-01
   -0.596407E-17
   -0.949858E-17
   -0.758523E-17
   -0.626442E-17
   -0.206049E-01
    0.386959E-17
    0.339446E-17
    0.219728E-17
    0.283520E-17
   -0.206049E-01
   -0.107855E-16
   -0.100269E-16
   -0.949685E-17
   -0.108552E-16
   -0.206049E-01
    0.106621E-16
    0.159645E-16
    0.195525E-16
    0.187336E-16
   -0.206049E-01
   -0.165557E-16
   -0.268170E-16
   -0.303842E-16
   -0.274330E-16
   -0.206049E-01

   IT    L2-NORM(R)         UNIF-NORM(R)
   0 0.247052942201E-01 0.100000000000E+01
  40 0.490856865074E-17 0.147451495458E-15
  NEGATIVE CHARGES AT
 ( 25, 22,  8) (  6,  7,  9) ( 25, 28, 26) ( 31, 26, 24) ( 18, 33, 15)
 ( 17,  6, 26) ( 25, 24, 10) ( 25, 23,  4) ( 10,  4, 28) (  7, 24, 31)
  POSITIVE CHARGES AT
 ( 16, 10, 30) ( 14, 32, 11) ( 31, 17, 26) (  3, 29,  7) ( 24,  5, 25)
 ( 13, 22, 23) ( 15, 10, 32) ( 22, 26, 28) ( 17, 30,  7) ( 31, 15,  2)
    0.129814E-01
    0.381470E-05
    0.599504E-03
    0.142836E-02
    0.148031E-02
    0.982959E-03
   -0.283271E-03
    0.126037E-03
    0.115108E-03
    0.157334E-02
    0.150312E-03
   -0.316491E-05
    0.136296E-03
    0.103986E-03
    0.167234E-02
    0.252489E-04
    0.907160E-05
    0.493074E-04
    0.361184E-04
    0.170849E-02
    0.360563E-05
    0.310635E-05
    0.154451E-04
    0.105455E-04
    0.171908E-02
    0.902722E-07
    0.626608E-06
    0.454428E-05
    0.290586E-05
    0.172204E-02
   -0.241142E-06
    0.374064E-07
    0.131576E-05
    0.767093E-06
    0.172284E-02
   -0.146651E-06
   -0.402381E-07
    0.382050E-06
    0.205266E-06
    0.172305E-02
   -0.647624E-07
   -0.277378E-07
    0.112425E-06
    0.564521E-07
    0.172311E-02
   -0.252950E-07
   -0.128804E-07
    0.336381E-07
    0.163893E-07
    0.172313E-02
   -0.926997E-08
   -0.517376E-08
    0.102349E-07
    0.504403E-08
    0.172314E-02
   -0.327165E-08
   -0.192959E-08
    0.315970E-08
    0.164630E-08
    0.172314E-02
   -0.112740E-08
   -0.688990E-09
    0.986807E-09
    0.562699E-09
    0.172314E-02
   -0.382418E-09
   -0.239334E-09
    0.310778E-09
    0.198806E-09
    0.172314E-02
   -0.128337E-09
   -0.816390E-10
    0.984058E-10
    0.716699E-10
    0.172314E-02
   -0.427541E-10
   -0.275057E-10
    0.312474E-10
    0.261245E-10
    0.172314E-02
   -0.141711E-10
   -0.918837E-11
    0.992793E-11
    0.956831E-11
    0.172314E-02
   -0.468089E-11
   -0.305120E-11
    0.314997E-11
    0.350825E-11
    0.172314E-02
   -0.154258E-11
   -0.100905E-11
    0.996269E-12
    0.128492E-11
    0.172314E-02
   -0.507622E-12
   -0.332769E-12
    0.313551E-12
    0.469594E-12
    0.172314E-02
   -0.166904E-12
   -0.109540E-12
    0.980184E-13
    0.171167E-12
    0.172314E-02
   -0.548688E-13
   -0.360247E-13
    0.303639E-13
    0.622116E-13
    0.172314E-02
   -0.180347E-13
   -0.118351E-13
    0.930564E-14
    0.225587E-13
    0.172314E-02
   -0.593476E-14
   -0.389575E-14
    0.280240E-14
    0.815151E-14
    0.172314E-02
   -0.195495E-14
   -0.128293E-14
    0.826440E-15
    0.293883E-14
    0.172314E-02
   -0.645627E-15
   -0.421376E-15
    0.238472E-15
    0.105905E-14
    0.172314E-02
   -0.214122E-15
   -0.141653E-15
    0.626609E-16
    0.377412E-15
    0.172314E-02
   -0.657392E-16
   -0.424714E-16
    0.212162E-16
    0.140336E-15
    0.172314E-02
   -0.233424E-16
   -0.148642E-16
    0.359821E-17
    0.488260E-16
    0.172314E-02
   -0.734602E-17
   -0.531971E-17
    0.521507E-18
    0.171808E-16
    0.172314E-02
   -0.388603E-17
   -0.281778E-17
   -0.210750E-17
    0.445460E-17
    0.172314E-02
   -0.784726E-17
   -0.620946E-17
   -0.668302E-17
   -0.425978E-17
    0.172314E-02
    0.342847E-18
   -0.164449E-17
   -0.544189E-18
    0.974976E-18
    0.172314E-02
   -0.172807E-17
   -0.224833E-17
   -0.213973E-17
   -0.182618E-17
    0.172314E-02
    0.602943E-17
    0.412819E-17
    0.361136E-17
    0.386078E-17
    0.172314E-02
    0.804244E-18
    0.211282E-17
    0.209307E-17
    0.210508E-17
    0.172314E-02
   -0.580495E-17
   -0.731752E-17
   -0.702010E-17
   -0.702303E-17
    0.172314E-02
    0.189919E-17
    0.241066E-17
    0.186860E-17
    0.183237E-17
    0.172314E-02
   -0.327722E-17
   -0.360510E-17
   -0.408560E-17
   -0.413313E-17
    0.172314E-02
    0.187064E-17
    0.326798E-17
    0.341880E-17
    0.378736E-17
    0.172314E-02

   IT    L2-NORM(R)         UNIF-NORM(R)
   0 0.247052942201E-01 0.100000000000E+01
  40 0.478524112735E-17 0.145716771982E-15
  NEGATIVE CHARGES AT
 (  5, 25, 17) ( 27, 25,  5) ( 22, 15, 23) ( 21, 16, 17) ( 19, 32, 13)
 (  4, 21,  8) ( 17, 27, 10) ( 15,  7,  9) (  9, 30, 25) ( 30, 12, 19)
  POSITIVE CHARGES AT
 ( 28, 21, 17) ( 17,  7, 17) ( 19, 13,  3) ( 17, 22,  6) ( 11,  4, 31)
 ( 28,  7,  5) ( 31,  7, 24) ( 24,  6, 19) ( 12, 26, 32) ( 28, 16, 21)
   -0.947952E-02
   -0.193787E-02
   -0.361927E-02
   -0.396584E-02
   -0.391040E-02
   -0.781932E-03
   -0.248468E-03
   -0.466033E-03
   -0.452420E-03
   -0.436572E-02
   -0.933764E-04
    0.317950E-04
   -0.617385E-04
   -0.496777E-04
   -0.441678E-02
   -0.444759E-05
    0.223783E-04
   -0.754994E-05
   -0.308893E-05
   -0.441996E-02
    0.225505E-05
    0.904230E-05
   -0.748664E-06
    0.830951E-06
   -0.441914E-02
    0.128899E-05
    0.323596E-05
   -0.185034E-07
    0.549746E-06
   -0.441858E-02
    0.504020E-06
    0.110633E-05
    0.229496E-07
    0.221275E-06
   -0.441837E-02
    0.176952E-06
    0.370405E-06
    0.967873E-08
    0.762071E-07
   -0.441829E-02
    0.594124E-07
    0.122566E-06
    0.278450E-08
    0.243057E-07
   -0.441827E-02
    0.194949E-07
    0.402535E-07
    0.601378E-09
    0.738183E-08
   -0.441826E-02
    0.630518E-08
    0.131473E-07
    0.638984E-10
    0.213756E-08
   -0.441826E-02
    0.201698E-08
    0.427500E-08
   -0.281321E-10
    0.588877E-09
   -0.441826E-02
    0.638961E-09
    0.138467E-08
   -0.261501E-10
    0.151136E-09
   -0.441826E-02
    0.200480E-09
    0.446890E-09
   -0.141786E-10
    0.345256E-10
   -0.441826E-02
    0.622638E-10
    0.143729E-09
   -0.644622E-11
    0.603322E-11
   -0.441826E-02
    0.191187E-10
    0.460662E-10
   -0.267151E-11
    0.147183E-12
   -0.441826E-02
    0.579355E-11
    0.147122E-10
   -0.104261E-11
   -0.580447E-12
   -0.441826E-02
    0.172795E-11
    0.468129E-11
   -0.389080E-12
   -0.404642E-12
   -0.441826E-02
    0.505250E-12
    0.148375E-11
   -0.139887E-12
   -0.205370E-12
   -0.441826E-02
    0.143966E-12
    0.468329E-12
   -0.486022E-13
   -0.918866E-13
   -0.441826E-02
    0.395908E-13
    0.147172E-12
   -0.163050E-13
   -0.383823E-13
   -0.441826E-02
    0.103324E-13
    0.460271E-13
   -0.526155E-14
   -0.153511E-13
   -0.441826E-02
    0.247236E-14
    0.143213E-13
   -0.161656E-14
   -0.595557E-14
   -0.441826E-02
    0.493173E-15
    0.443141E-14
   -0.463231E-15
   -0.225922E-14
   -0.441826E-02
    0.595966E-16
    0.136704E-14
   -0.114662E-15
   -0.838419E-15
   -0.441826E-02
   -0.215287E-16
    0.414410E-15
   -0.257922E-16
   -0.312699E-15
   -0.441826E-02
   -0.158631E-16
    0.128003E-15
   -0.150325E-18
   -0.112153E-15
   -0.441826E-02
   -0.962273E-17
    0.368411E-16
    0.342537E-17
   -0.401534E-16
   -0.441826E-02
   -0.879409E-17
    0.821857E-17
   -0.192269E-17
   -0.183417E-16
   -0.441826E-02
   -0.176108E-17
    0.484275E-17
    0.312198E-17
   -0.302247E-17
   -0.441826E-02
   -0.356603E-17
   -0.562502E-18
   -0.210491E-17
   -0.441060E-17
   -0.441826E-02
    0.788724E-17
    0.746274E-17
    0.665812E-17
    0.541737E-17
   -0.441826E-02
   -0.922152E-18
   -0.283806E-17
   -0.169412E-17
   -0.173256E-17
   -0.441826E-02
    0.498006E-17
    0.667865E-17
    0.497660E-17
    0.479266E-17
   -0.441826E-02
   -0.333892E-17
   -0.315123E-17
   -0.245513E-17
   -0.201413E-17
   -0.441826E-02
    0.247205E-19
    0.165136E-17
    0.235125E-18
    0.351137E-18
   -0.441826E-02
   -0.273273E-18
   -0.145716E-17
    0.944281E-18
    0.141947E-17
   -0.441826E-02
    0.425019E-17
    0.183865E-17
    0.209131E-17
    0.162514E-17
   -0.441826E-02
   -0.224820E-17
    0.371253E-18
   -0.864467E-18
   -0.754491E-18
   -0.441826E-02
   -0.517167E-17
   -0.656898E-17
   -0.680514E-17
   -0.721594E-17
   -0.441826E-02

   IT    L2-NORM(R)         UNIF-NORM(R)
   0 0.247052942201E-01 0.100000000000E+01
  40 0.446668523092E-17 0.128369537222E-15
  NEGATIVE CHARGES AT
 (  6, 12, 13) ( 15,  5, 20) ( 18, 25, 32) (  8, 32, 10) ( 33, 10, 24)
 (  6, 21, 24) ( 33,  4, 26) ( 30, 22, 20) ( 11, 28, 19) ( 30,  4, 15)
  POSITIVE CHARGES AT
 ( 19,  3, 24) ( 14, 15, 31) ( 27,  8, 11) ( 28,  2, 28) ( 17,  4, 25)
 (  9, 24, 33) ( 25, 14, 32) ( 33, 10, 23) ( 28, 28, 33) ( 16, 28,  5)
   -0.722885E-02
   -0.114899E-01
   -0.856272E-02
   -0.538396E-02
   -0.554232E-02
   -0.188490E-02
   -0.142569E-02
   -0.173751E-02
   -0.977675E-03
   -0.657993E-02
   -0.324505E-03
   -0.120508E-03
   -0.117088E-03
   -0.596172E-04
   -0.666744E-02
   -0.635436E-04
    0.160898E-04
    0.246027E-04
    0.195978E-04
   -0.665673E-02
   -0.148856E-04
    0.131145E-04
    0.163275E-04
    0.896610E-05
   -0.664899E-02
   -0.407259E-05
    0.536446E-05
    0.659668E-05
    0.271153E-05
   -0.664623E-02
   -0.123130E-05
    0.189298E-05
    0.237993E-05
    0.702177E-06
   -0.664535E-02
   -0.392749E-06
    0.633249E-06
    0.827642E-06
    0.159671E-06
   -0.664509E-02
   -0.128575E-06
    0.207271E-06
    0.283651E-06
    0.301049E-07
   -0.664501E-02
   -0.425948E-07
    0.672048E-07
    0.966157E-07
    0.292826E-08
   -0.664499E-02
   -0.141793E-07
    0.217093E-07
    0.328100E-07
   -0.117102E-08
   -0.664499E-02
   -0.472615E-08
    0.700588E-08
    0.111264E-07
   -0.105198E-08
   -0.664498E-02
   -0.157428E-08
    0.226222E-08
    0.377116E-08
   -0.556374E-09
   -0.664498E-02
   -0.523454E-09
    0.731626E-09
    0.127834E-08
   -0.250537E-09
   -0.664498E-02
   -0.173605E-09
    0.237168E-09
    0.433593E-09
   -0.104345E-09
   -0.664498E-02
   -0.573933E-10
    0.771109E-10
    0.147215E-09
   -0.415337E-10
   -0.664498E-02
   -0.189023E-10
    0.251614E-10
    0.500498E-10
   -0.160543E-10
   -0.664498E-02
   -0.619791E-11
    0.824467E-11
    0.170433E-10
   -0.608089E-11
   -0.664498E-02
   -0.202177E-11
    0.271447E-11
    0.581440E-11
   -0.226945E-11
   -0.664498E-02
   -0.655510E-12
    0.898504E-12
    0.198765E-11
   -0.837568E-12
   -0.664498E-02
   -0.211004E-12
    0.299163E-12
    0.680959E-12
   -0.306437E-12
   -0.664498E-02
   -0.673338E-13
    0.100248E-12
    0.233833E-12
   -0.111335E-12
   -0.664498E-02
   -0.212626E-13
    0.338166E-13
    0.804847E-13
   -0.402241E-13
   -0.664498E-02
   -0.661699E-14
    0.114955E-13
    0.277772E-13
   -0.144581E-13
   -0.664498E-02
   -0.202751E-14
    0.393290E-14
    0.960891E-14
   -0.517785E-14
   -0.664498E-02
   -0.613374E-15
    0.135124E-14
    0.332728E-14
   -0.185325E-14
   -0.664498E-02
   -0.169263E-15
    0.475639E-15
    0.116300E-14
   -0.652464E-15
   -0.664498E-02
   -0.428515E-16
    0.171005E-15
    0.408593E-15
   -0.229202E-15
   -0.664498E-02
   -0.188672E-16
    0.517415E-16
    0.135550E-15
   -0.883982E-16
   -0.664498E-02
   -0.296601E-17
    0.191574E-16
    0.487096E-16
   -0.313054E-16
   -0.664498E-02
    0.101580E-17
    0.922568E-17
    0.192016E-16
   -0.852843E-17
   -0.664498E-02
    0.153873E-18
    0.324595E-17
    0.549079E-17
   -0.386284E-17
   -0.664498E-02
   -0.230516E-17
   -0.256859E-17
   -0.907965E-18
   -0.466703E-17
   -0.664498E-02
    0.345388E-17
    0.655640E-17
    0.561742E-17
    0.610708E-17
   -0.664498E-02
   -0.408966E-17
   -0.746939E-17
   -0.690962E-17
   -0.761867E-17
   -0.664498E-02
   -0.553131E-17
   -0.404273E-17
   -0.395736E-17
   -0.249444E-17
   -0.664498E-02
    0.739882E-17
    0.730775E-17
    0.783585E-17
    0.824040E-17
   -0.664498E-02
   -0.760807E-17
   -0.738435E-17
   -0.810127E-17
   -0.750002E-17
   -0.664498E-02
    0.203385E-17
    0.188759E-17
    0.203238E-17
    0.144603E-17
   -0.664498E-02
   -0.141207E-17
   -0.774514E-18
   -0.415341E-18
   -0.701179E-18
   -0.664498E-02

   IT    L2-NORM(R)         UNIF-NORM(R)
   0 0.247052942201E-01 0.100000000000E+01
  40 0.513044456398E-17 0.215105711021E-15
  NEGATIVE CHARGES AT
 ( 13,  2, 16) ( 31,  4, 27) (  9, 33, 33) ( 20, 14,  9) ( 22, 25, 29)
 (  2,  5, 33) ( 10, 20,  6) ( 10,  7,  4) ( 28,  6, 14) (  8, 18, 16)
  POSITIVE CHARGES AT
 (  8, 26, 31) ( 25,  2,  6) ( 29, 18, 13) ( 19, 28,  6) ( 24, 33, 26)
 ( 22, 25,  5) ( 29,  5, 19) ( 12,  2, 28) (  4, 17,  8) ( 16, 29, 13)
    0.221558E-01
    0.208664E-01
    0.691962E-02
    0.136758E-01
    0.134510E-01
    0.672460E-03
    0.176553E-02
    0.230509E-02
    0.210018E-02
    0.150822E-01
    0.223996E-04
    0.110994E-03
    0.157304E-03
    0.190682E-03
    0.151868E-01
   -0.210931E-04
    0.951561E-06
    0.640021E-05
    0.245855E-04
    0.152084E-01
   -0.117588E-04
   -0.525881E-05
   -0.325458E-05
    0.150205E-05
    0.152057E-01
   -0.490703E-05
   -0.267919E-05
   -0.173727E-05
   -0.393988E-06
    0.152050E-01
   -0.187807E-05
   -0.110231E-05
   -0.644340E-06
   -0.335840E-06
    0.152044E-01
   -0.692008E-06
   -0.421984E-06
   -0.220880E-06
   -0.155197E-06
    0.152042E-01
   -0.250020E-06
   -0.156881E-06
   -0.742290E-07
   -0.633935E-07
    0.152042E-01
   -0.893464E-07
   -0.574428E-07
   -0.250925E-07
   -0.243467E-07
    0.152041E-01
   -0.317301E-07
   -0.208675E-07
   -0.860140E-08
   -0.909307E-08
    0.152041E-01
   -0.112291E-07
   -0.754713E-08
   -0.299860E-08
   -0.334034E-08
    0.152041E-01
   -0.396650E-08
   -0.272301E-08
   -0.106211E-08
   -0.121587E-08
    0.152041E-01
   -0.139987E-08
   -0.981138E-09
   -0.381364E-09
   -0.440137E-09
    0.152041E-01
   -0.493901E-09
   -0.353248E-09
   -0.138409E-09
   -0.158823E-09
    0.152041E-01
   -0.174272E-09
   -0.127124E-09
   -0.506320E-10
   -0.572073E-10
    0.152041E-01
   -0.615094E-10
   -0.457337E-10
   -0.186235E-10
   -0.205859E-10
    0.152041E-01
   -0.217191E-10
   -0.164489E-10
   -0.687395E-11
   -0.740440E-11
    0.152041E-01
   -0.767296E-11
   -0.591478E-11
   -0.254214E-11
   -0.266283E-11
    0.152041E-01
   -0.271222E-11
   -0.212641E-11
   -0.940895E-12
   -0.957630E-12
    0.152041E-01
   -0.959281E-12
   -0.764304E-12
   -0.348246E-12
   -0.344432E-12
    0.152041E-01
   -0.339492E-12
   -0.274661E-12
   -0.128825E-12
   -0.123905E-12
    0.152041E-01
   -0.120210E-12
   -0.986717E-13
   -0.475999E-13
   -0.445714E-13
    0.152041E-01
   -0.425975E-13
   -0.354441E-13
   -0.175718E-13
   -0.160384E-13
    0.152041E-01
   -0.151025E-13
   -0.127309E-13
   -0.647967E-14
   -0.577325E-14
    0.152041E-01
   -0.536147E-14
   -0.457635E-14
   -0.238580E-14
   -0.208050E-14
    0.152041E-01
   -0.190448E-14
   -0.164669E-14
   -0.882307E-15
   -0.753126E-15
    0.152041E-01
   -0.681715E-15
   -0.593937E-15
   -0.326211E-15
   -0.274899E-15
    0.152041E-01
   -0.232384E-15
   -0.203620E-15
   -0.112130E-15
   -0.897376E-16
    0.152041E-01
   -0.885099E-16
   -0.762806E-16
   -0.409433E-16
   -0.346025E-16
    0.152041E-01
   -0.270436E-16
   -0.285784E-16
   -0.205561E-16
   -0.144945E-16
    0.152041E-01
   -0.973903E-17
   -0.535343E-17
   -0.124724E-17
   -0.119343E-18
    0.152041E-01
    0.199285E-17
    0.185810E-17
    0.360617E-17
    0.346635E-17
    0.152041E-01
   -0.652267E-17
   -0.839402E-17
   -0.441309E-17
   -0.664258E-17
    0.152041E-01
    0.508028E-17
    0.685152E-17
   -0.529616E-18
    0.716351E-18
    0.152041E-01
   -0.130794E-16
   -0.162565E-16
   -0.779041E-17
   -0.842179E-17
    0.152041E-01
    0.159523E-17
    0.235388E-17
    0.154320E-17
    0.179410E-17
    0.152041E-01
    0.156692E-17
    0.154911E-17
   -0.109102E-17
   -0.207738E-17
    0.152041E-01
   -0.627612E-17
   -0.914754E-17
   -0.110383E-16
   -0.111301E-16
    0.152041E-01
    0.763464E-17
    0.123924E-16
    0.110794E-16
    0.118162E-16
    0.152041E-01

   IT    L2-NORM(R)         UNIF-NORM(R)
   0 0.247052942201E-01 0.100000000000E+01
  40 0.471015269683E-17 0.170002900646E-15
  NEGATIVE CHARGES AT
 ( 22, 17, 15) ( 19, 29,  2) (  9, 12, 17) ( 28, 27, 28) ( 33, 11, 23)
 (  9,  6,  3) ( 32,  4, 27) ( 24, 24, 33) ( 31, 12,  4) ( 14, 29, 12)
  POSITIVE CHARGES AT
 ( 21, 10,  8) ( 14,  9,  3) ( 13, 31,  6) ( 27, 13, 33) ( 10, 11, 10)
 (  6,  7, 13) (  7, 26, 17) ( 26, 30, 11) (  2, 20, 22) ( 12, 16,  3)
    0.164528E-01
    0.108223E-01
    0.824908E-02
    0.877196E-02
    0.878007E-02
    0.270288E-02
    0.241722E-02
    0.143825E-02
    0.160865E-02
    0.103832E-01
    0.457043E-03
    0.347582E-03
    0.188716E-03
    0.226355E-03
    0.106098E-01
    0.744238E-04
    0.401360E-04
    0.121883E-04
    0.220689E-04
    0.106328E-01
    0.972283E-05
   -0.152528E-05
   -0.517855E-05
   -0.210180E-05
    0.106306E-01
    0.158793E-06
   -0.351020E-05
   -0.343569E-05
   -0.256137E-05
    0.106280E-01
   -0.611984E-06
   -0.180330E-05
   -0.148656E-05
   -0.125221E-05
    0.106268E-01
   -0.356470E-06
   -0.741517E-06
   -0.567128E-06
   -0.512640E-06
    0.106262E-01
   -0.156248E-06
   -0.280357E-06
   -0.205466E-06
   -0.195001E-06
    0.106260E-01
   -0.619551E-07
   -0.101894E-06
   -0.725862E-07
   -0.716098E-07
    0.106260E-01
   -0.234458E-07
   -0.362896E-07
   -0.253259E-07
   -0.257812E-07
    0.106259E-01
   -0.865700E-08
   -0.127867E-07
   -0.878139E-08
   -0.917405E-08
    0.106259E-01
   -0.315235E-08
   -0.448027E-08
   -0.303646E-08
   -0.324116E-08
    0.106259E-01
   -0.113850E-08
   -0.156558E-08
   -0.104906E-08
   -0.113990E-08
    0.106259E-01
   -0.409121E-09
   -0.546508E-09
   -0.362533E-09
   -0.399749E-09
    0.106259E-01
   -0.146553E-09
   -0.190758E-09
   -0.125392E-09
   -0.139934E-09
    0.106259E-01
   -0.523900E-10
   -0.666149E-10
   -0.434230E-10
   -0.489318E-10
    0.106259E-01
   -0.187028E-10
   -0.232808E-10
   -0.150581E-10
   -0.170999E-10
    0.106259E-01
   -0.667049E-11
   -0.814385E-11
   -0.522943E-11
   -0.597418E-11
    0.106259E-01
   -0.237749E-11
   -0.285167E-11
   -0.181879E-11
   -0.208712E-11
    0.106259E-01
   -0.846972E-12
   -0.999561E-12
   -0.633492E-12
   -0.729241E-12
    0.106259E-01
   -0.301622E-12
   -0.350720E-12
   -0.220966E-12
   -0.254865E-12
    0.106259E-01
   -0.107379E-12
   -0.123173E-12
   -0.771764E-13
   -0.890981E-13
    0.106259E-01
   -0.382203E-13
   -0.432993E-13
   -0.269914E-13
   -0.311614E-13
    0.106259E-01
   -0.136087E-13
   -0.152433E-13
   -0.945765E-14
   -0.109085E-13
    0.106259E-01
   -0.483484E-14
   -0.536234E-14
   -0.331307E-14
   -0.381570E-14
    0.106259E-01
   -0.172326E-14
   -0.189418E-14
   -0.116557E-14
   -0.133823E-14
    0.106259E-01
   -0.616445E-15
   -0.669108E-15
   -0.413147E-15
   -0.471656E-15
    0.106259E-01
   -0.217813E-15
   -0.231950E-15
   -0.140958E-15
   -0.162792E-15
    0.106259E-01
   -0.742464E-16
   -0.808302E-16
   -0.481904E-16
   -0.556674E-16
    0.106259E-01
   -0.286308E-16
   -0.313162E-16
   -0.192395E-16
   -0.223487E-16
    0.106259E-01
   -0.412108E-17
   -0.150260E-17
   -0.869586E-18
   -0.242819E-18
    0.106259E-01
   -0.504860E-17
   -0.823822E-17
   -0.578763E-17
   -0.675812E-17
    0.106259E-01
   -0.122560E-17
    0.639317E-18
    0.116122E-17
    0.394710E-18
    0.106259E-01
    0.215680E-17
    0.107720E-17
    0.646496E-18
    0.959929E-18
    0.106259E-01
   -0.182286E-17
   -0.192704E-17
   -0.135227E-17
   -0.234473E-19
    0.106259E-01
   -0.540354E-18
   -0.224951E-18
    0.821500E-19
   -0.649880E-19
    0.106259E-01
   -0.554096E-17
   -0.706898E-17
   -0.622010E-17
   -0.560776E-17
    0.106259E-01
    0.502591E-17
    0.391887E-17
    0.285924E-17
    0.160238E-17
    0.106259E-01
   -0.450792E-17
   -0.257522E-17
   -0.448756E-17
   -0.484259E-17
    0.106259E-01

   IT    L2-NORM(R)         UNIF-NORM(R)
   0 0.247052942201E-01 0.100000000000E+01
  40 0.464580012356E-17 0.131838984174E-15
  NEGATIVE CHARGES AT
 (  3, 21, 23) ( 13, 32, 25) (  9, 11, 25) ( 33,  6,  5) ( 15, 23, 11)
 ( 16, 20, 30) ( 14,  9, 26) ( 17,  3, 23) ( 27, 27,  7) ( 22, 15, 14)
  POSITIVE CHARGES AT
 ( 20, 31,  4) ( 31, 29, 11) (  7, 18, 21) ( 27,  2, 28) ( 28,  4, 25)
 ( 14,  2,  3) ( 23, 33, 13) ( 27, 24, 22) ( 10, 12, 21) (  6, 12,  3)
   -0.202560E-02
    0.315475E-02
   -0.157050E-02
   -0.333641E-02
   -0.320313E-02
   -0.125688E-03
   -0.168210E-04
   -0.860605E-03
   -0.545289E-03
   -0.373144E-02
    0.119713E-03
    0.149913E-04
   -0.930894E-04
   -0.686000E-04
   -0.377303E-02
    0.505547E-04
    0.656645E-05
    0.409338E-05
    0.388421E-05
   -0.376516E-02
    0.162183E-04
    0.174926E-05
    0.502072E-05
    0.591753E-05
   -0.375906E-02
    0.501232E-05
    0.503224E-06
    0.210795E-05
    0.253537E-05
   -0.375659E-02
    0.159582E-05
    0.206895E-06
    0.763908E-06
    0.962124E-06
   -0.375570E-02
    0.530004E-06
    0.102664E-06
    0.272873E-06
    0.345857E-06
   -0.375538E-02
    0.182159E-06
    0.505766E-07
    0.979818E-07
    0.123647E-06
   -0.375526E-02
    0.639877E-07
    0.234507E-07
    0.354094E-07
    0.438969E-07
   -0.375522E-02
    0.227442E-07
    0.102542E-07
    0.128275E-07
    0.155743E-07
   -0.375521E-02
    0.812825E-08
    0.428103E-08
    0.464501E-08
    0.551409E-08
   -0.375520E-02
    0.291031E-08
    0.172590E-08
    0.167888E-08
    0.195086E-08
   -0.375520E-02
    0.104214E-08
    0.677793E-09
    0.605390E-09
    0.689657E-09
   -0.375520E-02
    0.372929E-09
    0.260954E-09
    0.217796E-09
    0.243749E-09
   -0.375520E-02
    0.133329E-09
    0.989564E-10
    0.781940E-10
    0.861476E-10
   -0.375520E-02
    0.476227E-10
    0.370864E-10
    0.280250E-10
    0.304541E-10
   -0.375520E-02
    0.169955E-10
    0.137712E-10
    0.100300E-10
    0.107698E-10
   -0.375520E-02
    0.606089E-11
    0.507619E-11
    0.358552E-11
    0.381036E-11
   -0.375520E-02
    0.216010E-11
    0.186008E-11
    0.128055E-11
    0.134876E-11
   -0.375520E-02
    0.769486E-12
    0.678334E-12
    0.457001E-12
    0.477669E-12
   -0.375520E-02
    0.274000E-12
    0.246399E-12
    0.162993E-12
    0.169247E-12
   -0.375520E-02
    0.975350E-13
    0.892083E-13
    0.581023E-13
    0.599925E-13
   -0.375520E-02
    0.347005E-13
    0.322025E-13
    0.206964E-13
    0.212676E-13
   -0.375520E-02
    0.123554E-13
    0.116104E-13
    0.738071E-14
    0.755238E-14
   -0.375520E-02
    0.439429E-14
    0.417216E-14
    0.262750E-14
    0.267782E-14
   -0.375520E-02
    0.156021E-14
    0.149680E-14
    0.933640E-15
    0.949685E-15
   -0.375520E-02
    0.555450E-15
    0.536060E-15
    0.330421E-15
    0.334822E-15
   -0.375520E-02
    0.201312E-15
    0.194552E-15
    0.123339E-15
    0.124296E-15
   -0.375520E-02
    0.710361E-16
    0.710508E-16
    0.443826E-16
    0.437465E-16
   -0.375520E-02
    0.217932E-16
    0.218896E-16
    0.115488E-16
    0.124751E-16
   -0.375520E-02
    0.125462E-16
    0.122610E-16
    0.102006E-16
    0.100938E-16
   -0.375520E-02
    0.673977E-17
    0.785980E-17
    0.578274E-17
    0.555264E-17
   -0.375520E-02
    0.389801E-17
    0.382022E-17
    0.227451E-17
    0.263908E-17
   -0.375520E-02
   -0.616137E-18
    0.598609E-18
    0.184595E-17
    0.256707E-17
   -0.375520E-02
    0.707454E-18
    0.253805E-17
    0.941488E-18
    0.122724E-17
   -0.375520E-02
    0.194369E-17
   -0.418538E-18
    0.144767E-17
    0.159585E-17
   -0.375520E-02
   -0.536323E-18
   -0.772271E-18
   -0.165123E-17
   -0.123062E-17
   -0.375520E-02
   -0.873469E-18
   -0.420500E-18
   -0.899076E-18
   -0.130742E-17
   -0.375520E-02
    0.121118E-17
    0.190178E-17
    0.267102E-17
    0.269553E-17
   -0.375520E-02

   IT    L2-NORM(R)         UNIF-NORM(R)
   0 0.247052942201E-01 0.100000000000E+01
  40 0.468953750392E-17 0.166533453694E-15
  NEGATIVE CHARGES AT
 (  9, 22, 11) (  3,  5,  2) ( 12, 20, 11) (  8, 27, 21) (  2, 26,  7)
 ( 27, 25, 32) (  6, 32, 15) ( 25, 15, 19) ( 21, 14, 33) ( 30, 29, 23)
  POSITIVE CHARGES AT
 ( 25,  7, 19) (  5, 18, 33) ( 10,  7, 32) ( 21, 33, 32) ( 15,  9, 32)
 ( 22,  2, 13) ( 17, 13, 17) ( 22, 20, 24) (  9, 23, 25) (  2, 33, 31)
    0.458145E-02
   -0.130386E-01
   -0.345024E-01
   -0.706280E-02
   -0.145356E-01
    0.223693E-02
    0.148842E-02
    0.124219E-03
   -0.447611E-03
   -0.121667E-01
    0.336616E-03
    0.252383E-03
    0.840307E-04
   -0.944295E-04
   -0.125149E-01
    0.692862E-04
    0.606037E-04
    0.261901E-04
   -0.239943E-05
   -0.124378E-01
    0.204319E-04
    0.200789E-04
    0.988181E-05
    0.118692E-05
   -0.124400E-01
    0.714584E-05
    0.735192E-05
    0.385884E-05
    0.209848E-05
   -0.124353E-01
    0.260350E-05
    0.271017E-05
    0.143518E-05
    0.100525E-05
   -0.124342E-01
    0.947781E-06
    0.987735E-06
    0.521522E-06
    0.433381E-06
   -0.124336E-01
    0.342027E-06
    0.355730E-06
    0.186430E-06
    0.167858E-06
   -0.124334E-01
    0.122470E-06
    0.127051E-06
    0.661860E-07
    0.629301E-07
   -0.124334E-01
    0.436136E-07
    0.451303E-07
    0.234158E-07
    0.229674E-07
   -0.124333E-01
    0.154771E-07
    0.159777E-07
    0.827627E-08
    0.828106E-08
   -0.124333E-01
    0.548072E-08
    0.564555E-08
    0.292512E-08
    0.295950E-08
   -0.124333E-01
    0.193846E-08
    0.199263E-08
    0.103436E-08
    0.105262E-08
   -0.124333E-01
    0.685174E-09
    0.702931E-09
    0.366002E-09
    0.373189E-09
   -0.124333E-01
    0.242119E-09
    0.247925E-09
    0.129600E-09
    0.132067E-09
   -0.124333E-01
    0.855538E-10
    0.874464E-10
    0.459218E-10
    0.466852E-10
   -0.124333E-01
    0.302339E-10
    0.308489E-10
    0.162819E-10
    0.164940E-10
   -0.124333E-01
    0.106864E-10
    0.108855E-10
    0.577617E-11
    0.582607E-11
   -0.124333E-01
    0.377807E-11
    0.384232E-11
    0.205019E-11
    0.205792E-11
   -0.124333E-01
    0.133607E-11
    0.135672E-11
    0.728036E-12
    0.727033E-12
   -0.124333E-01
    0.472614E-12
    0.479216E-12
    0.258626E-12
    0.256906E-12
   -0.124333E-01
    0.167226E-12
    0.169331E-12
    0.919085E-13
    0.908092E-13
   -0.124333E-01
    0.591911E-13
    0.598575E-13
    0.326774E-13
    0.321116E-13
   -0.124333E-01
    0.209540E-13
    0.211606E-13
    0.116146E-13
    0.113565E-13
   -0.124333E-01
    0.741827E-14
    0.748565E-14
    0.413039E-14
    0.401833E-14
   -0.124333E-01
    0.262607E-14
    0.264651E-14
    0.146613E-14
    0.142180E-14
   -0.124333E-01
    0.946236E-15
    0.954293E-15
    0.541075E-15
    0.520724E-15
   -0.124333E-01
    0.333840E-15
    0.336809E-15
    0.190648E-15
    0.180760E-15
   -0.124333E-01
    0.115859E-15
    0.116531E-15
    0.649240E-16
    0.676511E-16
   -0.124333E-01
    0.356212E-16
    0.323498E-16
    0.144549E-16
    0.118597E-16
   -0.124333E-01
    0.213281E-16
    0.220758E-16
    0.162953E-16
    0.171039E-16
   -0.124333E-01
    0.941307E-17
    0.113341E-16
    0.915548E-17
    0.853653E-17
   -0.124333E-01
   -0.268670E-17
    0.312839E-18
   -0.155314E-19
   -0.115403E-17
   -0.124333E-01
   -0.812318E-18
   -0.315281E-17
   -0.585248E-17
   -0.344439E-17
   -0.124333E-01
    0.368123E-17
    0.664591E-17
    0.102674E-16
    0.747455E-17
   -0.124333E-01
   -0.920840E-18
   -0.235114E-17
   -0.504293E-17
   -0.267859E-17
   -0.124333E-01
    0.328698E-17
    0.393141E-17
    0.466563E-17
    0.210780E-17
   -0.124333E-01
    0.151064E-18
    0.151009E-17
    0.256851E-17
    0.241274E-17
   -0.124333E-01
   -0.203789E-17
   -0.267293E-17
   -0.198736E-18
   -0.175488E-17
   -0.124333E-01

   IT    L2-NORM(R)         UNIF-NORM(R)
   0 0.247052942201E-01 0.100000000000E+01
  40 0.521323387761E-17 0.152655665886E-15
  NEGATIVE CHARGES AT
 ( 28, 23, 12) ( 23, 32,  2) ( 10, 30,  6) ( 31, 28, 23) ( 17, 28, 14)
 (  6, 18,  7) ( 12, 17,  6) ( 14,  6, 21) ( 24, 20, 21) ( 21, 10, 28)
  POSITIVE CHARGES AT
 (  7, 17, 14) ( 10,  4, 12) ( 33,  2,  2) ( 29,  5,  2) (  3, 20,  8)
 ( 12, 15,  7) ( 17,  9, 26) ( 30,  3, 13) ( 29, 21, 16) ( 26,  3, 24)
   -0.222321E-01
   -0.510216E-01
   -0.695389E-01
   -0.730304E-01
   -0.633196E-01
   -0.160123E-02
   -0.415481E-02
   -0.599374E-02
   -0.761620E-02
   -0.665536E-01
   -0.920463E-04
   -0.323632E-03
   -0.496360E-03
   -0.818529E-03
   -0.675225E-01
   -0.299612E-05
   -0.149434E-04
   -0.255426E-04
   -0.125148E-03
   -0.675291E-01
   -0.172782E-05
    0.150220E-05
    0.735151E-05
   -0.227807E-04
   -0.675489E-01
   -0.153662E-05
    0.198533E-06
    0.374678E-05
   -0.502271E-05
   -0.675495E-01
   -0.820651E-06
   -0.221526E-06
    0.122971E-05
   -0.140734E-05
   -0.675503E-01
   -0.355081E-06
   -0.170385E-06
    0.356476E-06
   -0.434991E-06
   -0.675505E-01
   -0.138932E-06
   -0.845003E-07
    0.971183E-07
   -0.144918E-06
   -0.675506E-01
   -0.515621E-07
   -0.359033E-07
    0.252002E-07
   -0.492963E-07
   -0.675506E-01
   -0.185912E-07
   -0.141697E-07
    0.613255E-08
   -0.170411E-07
   -0.675506E-01
   -0.659747E-08
   -0.537286E-08
    0.133133E-08
   -0.592296E-08
   -0.675506E-01
   -0.232152E-08
   -0.199045E-08
    0.216830E-09
   -0.206915E-08
   -0.675506E-01
   -0.813584E-09
   -0.727039E-09
   -0.112151E-11
   -0.725068E-09
   -0.675506E-01
   -0.284720E-09
   -0.263225E-09
   -0.245090E-10
   -0.254833E-09
   -0.675506E-01
   -0.996597E-10
   -0.947675E-10
   -0.162241E-10
   -0.897823E-10
   -0.675506E-01
   -0.349244E-10
   -0.339976E-10
   -0.813116E-11
   -0.317038E-10
   -0.675506E-01
   -0.122602E-10
   -0.121696E-10
   -0.364129E-11
   -0.112177E-10
   -0.675506E-01
   -0.431290E-11
   -0.435056E-11
   -0.153502E-11
   -0.397642E-11
   -0.675506E-01
   -0.152062E-11
   -0.155431E-11
   -0.623449E-12
   -0.141190E-11
   -0.675506E-01
   -0.537372E-12
   -0.555191E-12
   -0.246958E-12
   -0.502068E-12
   -0.675506E-01
   -0.190338E-12
   -0.198335E-12
   -0.961061E-13
   -0.178772E-12
   -0.675506E-01
   -0.675760E-13
   -0.708906E-13
   -0.369319E-13
   -0.637508E-13
   -0.675506E-01
   -0.240458E-13
   -0.253552E-13
   -0.140542E-13
   -0.227587E-13
   -0.675506E-01
   -0.856611E-14
   -0.906423E-14
   -0.529516E-14
   -0.812636E-14
   -0.675506E-01
   -0.305636E-14
   -0.323550E-14
   -0.197409E-14
   -0.289106E-14
   -0.675506E-01
   -0.109914E-14
   -0.117341E-14
   -0.751231E-15
   -0.103934E-14
   -0.675506E-01
   -0.391852E-15
   -0.416414E-15
   -0.272590E-15
   -0.360948E-15
   -0.675506E-01
   -0.144747E-15
   -0.155419E-15
   -0.109031E-15
   -0.141476E-15
   -0.675506E-01
   -0.522397E-16
   -0.523424E-16
   -0.396100E-16
   -0.516712E-16
   -0.675506E-01
   -0.156922E-16
   -0.162445E-16
   -0.906318E-17
   -0.209132E-16
   -0.675506E-01
   -0.670826E-17
   -0.636723E-17
   -0.752676E-17
   -0.957452E-17
   -0.675506E-01
   -0.549420E-17
   -0.893530E-17
   -0.383155E-17
   -0.230182E-17
   -0.675506E-01
   -0.660679E-17
   -0.908498E-17
   -0.119218E-16
   -0.147516E-16
   -0.675506E-01
   -0.290964E-17
   -0.290286E-17
   -0.188278E-17
    0.226528E-17
   -0.675506E-01
    0.810609E-17
    0.112917E-16
    0.131454E-16
    0.121867E-16
   -0.675506E-01
   -0.149873E-17
   -0.342414E-17
   -0.490861E-17
   -0.285463E-17
   -0.675506E-01
    0.357063E-17
    0.714360E-17
    0.732073E-17
    0.899311E-17
   -0.675506E-01
   -0.951176E-18
   -0.205408E-17
   -0.184120E-17
   -0.505702E-17
   -0.675506E-01
   -0.278112E-17
   -0.540626E-17
   -0.464519E-17
   -0.794440E-17
   -0.675506E-01

   IT    L2-NORM(R)         UNIF-NORM(R)
   0 0.247052942201E-01 0.100000000000E+01
  40 0.429266741573E-17 0.156125112838E-15
  NEGATIVE CHARGES AT
 ( 19, 14, 23) (  4, 33,  4) ( 26, 23, 28) ( 28, 28, 26) ( 20, 28,  5)
 ( 13, 26, 26) ( 25, 33, 16) ( 10,  2, 26) ( 33, 13,  2) ( 25, 29,  8)
  POSITIVE CHARGES AT
 ( 11,  6, 12) ( 33, 28, 17) ( 28,  4, 26) ( 29,  6, 16) (  6, 13, 30)
 (  4, 17,  6) ( 16, 15, 19) ( 23,  6, 27) (  3,  3, 19) (  6, 11, 30)
    0.228233E-01
    0.207825E-01
    0.150581E-01
    0.150679E-01
    0.136255E-01
    0.176467E-03
    0.293249E-03
   -0.558136E-03
    0.401977E-04
    0.132139E-01
   -0.793449E-05
    0.150003E-03
    0.338449E-04
   -0.262775E-04
    0.132062E-01
   -0.409913E-05
    0.582483E-04
    0.553347E-04
    0.281798E-06
    0.132100E-01
    0.737647E-06
    0.217874E-04
    0.266418E-04
    0.518919E-05
    0.132197E-01
    0.130809E-05
    0.815282E-05
    0.104383E-04
    0.263757E-05
    0.132239E-01
    0.817599E-06
    0.302418E-05
    0.379114E-05
    0.121805E-05
    0.132257E-01
    0.395648E-06
    0.110641E-05
    0.132613E-05
    0.488932E-06
    0.132264E-01
    0.170101E-06
    0.399353E-06
    0.455088E-06
    0.188603E-06
    0.132266E-01
    0.684796E-07
    0.142554E-06
    0.154508E-06
    0.700935E-07
    0.132267E-01
    0.264929E-07
    0.504693E-07
    0.521827E-07
    0.256013E-07
    0.132268E-01
    0.999320E-08
    0.177665E-07
    0.175847E-07
    0.922898E-08
    0.132268E-01
    0.370747E-08
    0.623146E-08
    0.592507E-08
    0.330290E-08
    0.132268E-01
    0.136030E-08
    0.218099E-08
    0.199874E-08
    0.117631E-08
    0.132268E-01
    0.495357E-09
    0.762564E-09
    0.675616E-09
    0.417786E-09
    0.132268E-01
    0.179453E-09
    0.266563E-09
    0.228958E-09
    0.148141E-09
    0.132268E-01
    0.647760E-10
    0.932079E-10
    0.778138E-10
    0.524866E-10
    0.132268E-01
    0.233221E-10
    0.326128E-10
    0.265259E-10
    0.185900E-10
    0.132268E-01
    0.838158E-11
    0.114209E-10
    0.907010E-11
    0.658420E-11
    0.132268E-01
    0.300818E-11
    0.400352E-11
    0.311077E-11
    0.233240E-11
    0.132268E-01
    0.107856E-11
    0.140486E-11
    0.107002E-11
    0.826454E-12
    0.132268E-01
    0.386417E-12
    0.493495E-12
    0.369091E-12
    0.292936E-12
    0.132268E-01
    0.138366E-12
    0.173542E-12
    0.127662E-12
    0.103876E-12
    0.132268E-01
    0.495299E-13
    0.610980E-13
    0.442753E-13
    0.368553E-13
    0.132268E-01
    0.177105E-13
    0.215105E-13
    0.153709E-13
    0.130589E-13
    0.132268E-01
    0.633482E-14
    0.758910E-14
    0.535917E-14
    0.464204E-14
    0.132268E-01
    0.226901E-14
    0.268485E-14
    0.187186E-14
    0.165073E-14
    0.132268E-01
    0.813997E-15
    0.947591E-15
    0.657077E-15
    0.588560E-15
    0.132268E-01
    0.293625E-15
    0.340044E-15
    0.235196E-15
    0.213040E-15
    0.132268E-01
    0.946539E-16
    0.111890E-15
    0.753512E-16
    0.701912E-16
    0.132268E-01
    0.417028E-16
    0.429802E-16
    0.285791E-16
    0.265581E-16
    0.132268E-01
    0.179325E-16
    0.206627E-16
    0.167904E-16
    0.129691E-16
    0.132268E-01
   -0.172017E-17
    0.123269E-17
   -0.381474E-17
   -0.252527E-17
    0.132268E-01
    0.586575E-18
    0.157039E-17
    0.191812E-17
   -0.243546E-18
    0.132268E-01
    0.107764E-17
   -0.982141E-18
   -0.305918E-19
   -0.518223E-18
    0.132268E-01
    0.339480E-18
    0.127938E-17
    0.131355E-17
   -0.687636E-18
    0.132268E-01
   -0.823168E-17
   -0.105953E-16
   -0.944563E-17
   -0.965712E-17
    0.132268E-01
    0.359868E-17
    0.470879E-17
    0.174652E-17
    0.108513E-17
    0.132268E-01
    0.168703E-17
    0.348405E-17
    0.497674E-17
    0.621041E-17
    0.132268E-01
   -0.581740E-17
   -0.950560E-17
   -0.975758E-17
   -0.976747E-17
    0.132268E-01

   IT    L2-NORM(R)         UNIF-NORM(R)
   0 0.247052942201E-01 0.100000000000E+01
  40 0.574370868319E-17 0.187350135405E-15
  NEGATIVE CHARGES AT
 ( 12, 26, 21) (  9, 32, 26) ( 24, 33, 13) ( 11,  2, 10) ( 13, 10,  6)
 (  6,  3, 11) ( 30,  9,  5) (  9, 24, 25) ( 32,  4,  6) ( 13,  2, 23)
  POSITIVE CHARGES AT
 (  7,  8, 15) (  4, 20,  5) (  3, 26, 29) ( 32, 32, 28) ( 24, 11, 15)
 ( 15, 25,  9) ( 29, 11, 11) ( 17, 26, 31) ( 20,  5, 16) ( 24, 28, 33)
    0.456238E-02
    0.373840E-03
    0.309777E-02
   -0.198379E-03
   -0.136269E-06
   -0.402802E-04
   -0.278676E-04
    0.142018E-02
   -0.361148E-03
   -0.111049E-03
   -0.153713E-04
   -0.162464E-04
    0.227382E-03
   -0.170848E-03
   -0.163712E-03
   -0.239337E-04
   -0.256334E-04
    0.272155E-04
   -0.638660E-04
   -0.200330E-03
   -0.144281E-04
   -0.146717E-04
    0.171301E-05
   -0.222167E-04
   -0.213267E-03
   -0.657164E-05
   -0.656994E-05
   -0.785993E-06
   -0.754995E-05
   -0.218740E-03
   -0.264970E-05
   -0.263101E-05
   -0.545197E-06
   -0.254254E-05
   -0.220624E-03
   -0.100465E-05
   -0.994231E-06
   -0.249242E-06
   -0.864439E-06
   -0.221324E-03
   -0.368411E-06
   -0.363811E-06
   -0.100880E-06
   -0.295265E-06
   -0.221568E-03
   -0.132580E-06
   -0.130725E-06
   -0.387077E-07
   -0.101699E-06
   -0.221655E-03
   -0.471992E-07
   -0.464873E-07
   -0.144437E-07
   -0.352241E-07
   -0.221686E-03
   -0.166989E-07
   -0.164354E-07
   -0.530449E-08
   -0.122675E-07
   -0.221697E-03
   -0.588707E-08
   -0.579225E-08
   -0.192942E-08
   -0.428967E-08
   -0.221701E-03
   -0.207138E-08
   -0.203802E-08
   -0.697589E-09
   -0.150508E-08
   -0.221702E-03
   -0.728088E-09
   -0.716570E-09
   -0.251244E-09
   -0.529407E-09
   -0.221703E-03
   -0.255810E-09
   -0.251896E-09
   -0.902604E-10
   -0.186584E-09
   -0.221703E-03
   -0.898698E-10
   -0.885578E-10
   -0.323719E-10
   -0.658558E-10
   -0.221703E-03
   -0.315763E-10
   -0.311418E-10
   -0.115970E-10
   -0.232698E-10
   -0.221703E-03
   -0.110973E-10
   -0.109549E-10
   -0.415124E-11
   -0.822893E-11
   -0.221703E-03
   -0.390135E-11
   -0.385515E-11
   -0.148514E-11
   -0.291175E-11
   -0.221703E-03
   -0.137206E-11
   -0.135721E-11
   -0.531107E-12
   -0.103076E-11
   -0.221703E-03
   -0.482725E-12
   -0.477992E-12
   -0.189872E-12
   -0.365001E-12
   -0.221703E-03
   -0.169911E-12
   -0.168416E-12
   -0.678704E-13
   -0.129288E-12
   -0.221703E-03
   -0.598263E-13
   -0.593574E-13
   -0.242524E-13
   -0.457976E-13
   -0.221703E-03
   -0.210738E-13
   -0.209277E-13
   -0.866679E-14
   -0.162271E-13
   -0.221703E-03
   -0.743395E-14
   -0.739158E-14
   -0.310193E-14
   -0.575562E-14
   -0.221703E-03
   -0.261152E-14
   -0.260002E-14
   -0.110133E-14
   -0.203335E-14
   -0.221703E-03
   -0.929561E-15
   -0.926109E-15
   -0.400316E-15
   -0.726931E-15
   -0.221703E-03
   -0.318688E-15
   -0.315870E-15
   -0.131802E-15
   -0.247623E-15
   -0.221703E-03
   -0.125861E-15
   -0.123200E-15
   -0.574470E-16
   -0.983387E-16
   -0.221703E-03
   -0.342176E-16
   -0.355928E-16
   -0.154671E-16
   -0.302406E-16
   -0.221703E-03
   -0.185552E-16
   -0.194367E-16
   -0.133405E-16
   -0.162456E-16
   -0.221703E-03
   -0.908965E-17
   -0.101756E-16
   -0.406114E-17
   -0.652815E-17
   -0.221703E-03
   -0.767794E-18
    0.277173E-19
   -0.244567E-17
   -0.265468E-17
   -0.221703E-03
    0.865169E-17
    0.112677E-16
    0.928758E-17
    0.102827E-16
   -0.221703E-03
   -0.420521E-17
   -0.451968E-17
   -0.733449E-18
   -0.209602E-17
   -0.221703E-03
   -0.636827E-17
   -0.960394E-17
   -0.901518E-17
   -0.792028E-17
   -0.221703E-03
    0.729545E-17
    0.735371E-17
    0.598228E-17
    0.617640E-17
   -0.221703E-03
   -0.491712E-17
   -0.499231E-17
   -0.294807E-17
   -0.397269E-17
   -0.221703E-03
    0.282172E-17
    0.309915E-18
    0.126870E-17
    0.928550E-18
   -0.221703E-03

   IT    L2-NORM(R)         UNIF-NORM(R)
   0 0.247052942201E-01 0.100000000000E+01
  40 0.486008305869E-17 0.138777878078E-15
  NEGATIVE CHARGES AT
 ( 23,  3, 27) ( 31,  7, 21) ( 14, 25, 12) ( 25, 17, 25) ( 27, 24, 17)
 ( 26, 27, 30) ( 18, 32,  6) ( 32, 14, 12) ( 18, 14, 10) ( 10, 17, 28)
  POSITIVE CHARGES AT
 ( 13, 17, 12) ( 32, 15,  2) ( 21, 27, 26) (  9, 16, 28) ( 23, 29, 26)
 ( 29, 12,  6) ( 26, 26,  5) ( 12, 30,  5) ( 12,  9, 18) ( 24, 33, 18)
   -0.149155E-02
   -0.106430E-02
   -0.185724E-02
   -0.182669E-02
   -0.182979E-02
    0.542086E-03
    0.329618E-03
    0.121339E-03
    0.940402E-04
   -0.173753E-02
    0.728135E-04
    0.817376E-04
    0.384731E-04
    0.266527E-04
   -0.171044E-02
    0.628412E-05
    0.223931E-04
    0.930426E-05
    0.629459E-05
   -0.170395E-02
   -0.120948E-05
    0.596894E-05
    0.164676E-05
    0.108412E-05
   -0.170280E-02
   -0.113770E-05
    0.148506E-05
    0.123189E-06
    0.462239E-07
   -0.170274E-02
   -0.560503E-06
    0.340107E-06
   -0.776042E-07
   -0.750867E-07
   -0.170282E-02
   -0.235419E-06
    0.666223E-07
   -0.585384E-07
   -0.527262E-07
   -0.170288E-02
   -0.924713E-07
    0.798090E-08
   -0.289658E-07
   -0.259965E-07
   -0.170290E-02
   -0.351231E-07
   -0.182254E-08
   -0.125847E-07
   -0.113102E-07
   -0.170291E-02
   -0.130998E-07
   -0.207325E-08
   -0.516204E-08
   -0.463500E-08
   -0.170292E-02
   -0.483548E-08
   -0.118639E-08
   -0.205523E-08
   -0.183414E-08
   -0.170292E-02
   -0.177408E-08
   -0.566891E-09
   -0.804139E-09
   -0.710623E-09
   -0.170292E-02
   -0.648489E-09
   -0.249256E-09
   -0.311068E-09
   -0.271373E-09
   -0.170292E-02
   -0.236496E-09
   -0.104503E-09
   -0.119344E-09
   -0.102598E-09
   -0.170292E-02
   -0.861156E-10
   -0.424876E-10
   -0.454924E-10
   -0.385005E-10
   -0.170292E-02
   -0.313241E-10
   -0.169070E-10
   -0.172479E-10
   -0.143657E-10
   -0.170292E-02
   -0.113851E-10
   -0.662179E-11
   -0.650902E-11
   -0.533635E-11
   -0.170292E-02
   -0.413554E-11
   -0.256201E-11
   -0.244631E-11
   -0.197514E-11
   -0.170292E-02
   -0.150147E-11
   -0.981711E-12
   -0.916043E-12
   -0.728903E-12
   -0.170292E-02
   -0.544907E-12
   -0.373232E-12
   -0.341893E-12
   -0.268334E-12
   -0.170292E-02
   -0.197683E-12
   -0.140980E-12
   -0.127224E-12
   -0.985781E-13
   -0.170292E-02
   -0.716965E-13
   -0.529688E-13
   -0.472190E-13
   -0.361546E-13
   -0.170292E-02
   -0.259937E-13
   -0.198043E-13
   -0.174772E-13
   -0.132341E-13
   -0.170292E-02
   -0.942248E-14
   -0.737819E-14
   -0.645733E-14
   -0.484119E-14
   -0.170292E-02
   -0.341324E-14
   -0.273962E-14
   -0.238023E-14
   -0.176745E-14
   -0.170292E-02
   -0.123555E-14
   -0.101255E-14
   -0.875391E-15
   -0.644240E-15
   -0.170292E-02
   -0.449242E-15
   -0.374465E-15
   -0.321240E-15
   -0.234906E-15
   -0.170292E-02
   -0.158638E-15
   -0.132275E-15
   -0.112659E-15
   -0.803246E-16
   -0.170292E-02
   -0.539359E-16
   -0.472314E-16
   -0.388447E-16
   -0.267543E-16
   -0.170292E-02
   -0.222807E-16
   -0.185859E-16
   -0.163626E-16
   -0.117807E-16
   -0.170292E-02
   -0.787395E-17
   -0.566047E-17
   -0.495690E-17
   -0.354940E-17
   -0.170292E-02
    0.160437E-17
    0.299493E-17
    0.447917E-17
    0.539855E-17
   -0.170292E-02
    0.107950E-17
    0.440576E-18
    0.193986E-19
    0.653951E-19
   -0.170292E-02
    0.119850E-17
    0.103947E-17
    0.500290E-18
    0.471335E-18
   -0.170292E-02
   -0.247867E-17
   -0.281382E-17
   -0.220296E-17
   -0.185094E-17
   -0.170292E-02
   -0.147363E-18
    0.198323E-18
    0.420995E-18
    0.487933E-18
   -0.170292E-02
    0.867020E-18
    0.101409E-17
    0.642095E-18
    0.746515E-18
   -0.170292E-02
   -0.187616E-17
   -0.179478E-17
   -0.186187E-17
   -0.177599E-17
   -0.170292E-02
    0.324088E-17
    0.491863E-17
    0.519669E-17
    0.511828E-17
   -0.170292E-02

   IT    L2-NORM(R)         UNIF-NORM(R)
   0 0.247052942201E-01 0.100000000000E+01
  40 0.388932000543E-17 0.152655665886E-15
  NEGATIVE CHARGES AT
 ( 29, 30,  5) (  2,  6, 32) ( 14, 27, 14) ( 19, 21, 23) ( 33, 17, 27)
 ( 26,  9, 25) ( 10, 24, 14) ( 27, 27, 12) ( 25,  5, 31) ( 14, 26, 27)
  POSITIVE CHARGES AT
 ( 11,  2, 27) ( 20, 25, 18) ( 13,  7, 18) ( 32, 14, 32) ( 28, 16,  7)
 ( 16,  9, 15) ( 25, 28,  5) (  6, 23, 27) (  3, 12,  4) ( 20,  3,  7)
    0.154915E-01
    0.209389E-01
    0.755052E-02
    0.107664E-01
    0.106191E-01
    0.365654E-02
    0.412849E-02
    0.511385E-03
    0.219003E-02
    0.126528E-01
    0.479658E-03
    0.474805E-03
   -0.928321E-05
    0.374414E-03
    0.129195E-01
    0.685709E-04
    0.418501E-04
   -0.263361E-04
    0.727008E-04
    0.129637E-01
    0.108980E-04
   -0.104405E-05
   -0.106312E-04
    0.165655E-04
    0.129702E-01
    0.207868E-05
   -0.218744E-05
   -0.342592E-05
    0.447071E-05
    0.129719E-01
    0.503875E-06
   -0.911713E-06
   -0.102637E-05
    0.129465E-05
    0.129723E-01
    0.150699E-06
   -0.305823E-06
   -0.299506E-06
    0.401822E-06
    0.129725E-01
    0.509230E-07
   -0.945115E-07
   -0.863708E-07
    0.128083E-06
    0.129725E-01
    0.181028E-07
   -0.279900E-07
   -0.247943E-07
    0.418482E-07
    0.129725E-01
    0.653051E-08
   -0.804612E-08
   -0.709192E-08
    0.138393E-07
    0.129725E-01
    0.235676E-08
   -0.224943E-08
   -0.201962E-08
    0.462487E-08
    0.129725E-01
    0.847039E-09
   -0.608274E-09
   -0.570813E-09
    0.155587E-08
    0.129725E-01
    0.302972E-09
   -0.156887E-09
   -0.159351E-09
    0.526339E-09
    0.129725E-01
    0.107912E-09
   -0.374349E-10
   -0.436081E-10
    0.178801E-09
    0.129725E-01
    0.383088E-10
   -0.764561E-11
   -0.115594E-10
    0.609529E-10
    0.129725E-01
    0.135667E-10
   -0.968177E-12
   -0.290539E-11
    0.208379E-10
    0.129725E-01
    0.479634E-11
    0.197297E-12
   -0.662068E-12
    0.714109E-11
    0.129725E-01
    0.169380E-11
    0.237961E-12
   -0.120294E-12
    0.245227E-11
    0.129725E-01
    0.597747E-12
    0.136674E-12
   -0.683037E-14
    0.843604E-12
    0.129725E-01
    0.210871E-12
    0.647687E-13
    0.885625E-14
    0.290655E-12
    0.129725E-01
    0.743828E-13
    0.280601E-13
    0.670846E-14
    0.100279E-12
    0.129725E-01
    0.262348E-13
    0.115380E-13
    0.350854E-14
    0.346341E-13
    0.129725E-01
    0.925850E-14
    0.459528E-14
    0.160601E-14
    0.119792E-13
    0.129725E-01
    0.325886E-14
    0.177065E-14
    0.675269E-15
    0.413521E-14
    0.129725E-01
    0.115504E-14
    0.685488E-15
    0.281544E-15
    0.143740E-14
    0.129725E-01
    0.403887E-15
    0.253810E-15
    0.106915E-15
    0.495465E-15
    0.129725E-01
    0.149163E-15
    0.101526E-15
    0.494584E-16
    0.178714E-15
    0.129725E-01
    0.479162E-16
    0.310356E-16
    0.115098E-16
    0.552228E-16
    0.129725E-01
    0.221990E-16
    0.175253E-16
    0.106197E-16
    0.274101E-16
    0.129725E-01
    0.121689E-17
    0.184182E-18
   -0.304790E-17
    0.328528E-17
    0.129725E-01
    0.831900E-17
    0.101242E-16
    0.891890E-17
    0.992767E-17
    0.129725E-01
   -0.100162E-16
   -0.135502E-16
   -0.148259E-16
   -0.115745E-16
    0.129725E-01
   -0.372492E-17
   -0.444267E-17
   -0.289681E-17
   -0.473355E-17
    0.129725E-01
   -0.337849E-18
   -0.319114E-17
   -0.204911E-17
   -0.889893E-18
    0.129725E-01
    0.620044E-17
    0.754597E-17
    0.680801E-17
    0.671460E-17
    0.129725E-01
    0.189616E-17
    0.458875E-17
    0.598046E-17
    0.385923E-17
    0.129725E-01
    0.152536E-17
    0.824779E-18
    0.172926E-17
    0.114612E-17
    0.129725E-01
   -0.195827E-17
   -0.493469E-17
   -0.643336E-17
   -0.598578E-17
    0.129725E-01
    0.383401E-17
    0.717488E-17
    0.876935E-17
    0.814468E-17
    0.129725E-01

   IT    L2-NORM(R)         UNIF-NORM(R)
   0 0.247052942201E-01 0.100000000000E+01
  40 0.480698729048E-17 0.163064006742E-15
  NEGATIVE CHARGES AT
 ( 11, 24, 13) ( 17,  3, 11) ( 20, 32, 29) ( 33, 20,  9) ( 21, 33, 24)
 (  6, 13, 16) ( 21,  5, 28) ( 18, 19, 32) (  7,  7, 13) (  7, 13, 28)
  POSITIVE CHARGES AT
 ( 25,  3,  2) ( 10, 29,  5) ( 22, 23,  7) ( 31, 33,  2) ( 30,  8, 24)
 (  6, 27, 30) ( 27,  7, 19) (  5, 19, 33) ( 23, 24, 16) ( 33, 19,  7)
   -0.288506E-01
   -0.373535E-01
   -0.510080E-01
   -0.259595E-01
   -0.337308E-01
   -0.357683E-02
   -0.489695E-02
   -0.544885E-02
   -0.517500E-02
   -0.361428E-01
   -0.562783E-03
   -0.641354E-03
   -0.737216E-03
   -0.820578E-03
   -0.371983E-01
   -0.895356E-04
   -0.757481E-04
   -0.101253E-03
   -0.114900E-03
   -0.372413E-01
   -0.125425E-04
   -0.405555E-05
   -0.126124E-04
   -0.198904E-04
   -0.372644E-01
   -0.897794E-06
    0.224338E-05
   -0.799713E-06
   -0.268347E-05
   -0.372647E-01
    0.371700E-06
    0.141831E-05
    0.296952E-06
   -0.275374E-06
   -0.372649E-01
    0.270424E-06
    0.609569E-06
    0.200193E-06
    0.444611E-07
   -0.372647E-01
    0.124030E-06
    0.233165E-06
    0.855272E-07
    0.410985E-07
   -0.372646E-01
    0.496149E-07
    0.847178E-07
    0.322186E-07
    0.197389E-07
   -0.372646E-01
    0.186650E-07
    0.299658E-07
    0.114946E-07
    0.790051E-08
   -0.372646E-01
    0.679761E-08
    0.104398E-07
    0.399377E-08
    0.294975E-08
   -0.372646E-01
    0.242989E-08
    0.360482E-08
    0.136796E-08
    0.105858E-08
   -0.372646E-01
    0.858897E-09
    0.123821E-08
    0.464988E-09
    0.371886E-09
   -0.372646E-01
    0.301493E-09
    0.424026E-09
    0.157411E-09
    0.128884E-09
   -0.372646E-01
    0.105370E-09
    0.144977E-09
    0.531836E-10
    0.443020E-10
   -0.372646E-01
    0.367248E-10
    0.495338E-10
    0.179554E-10
    0.151474E-10
   -0.372646E-01
    0.127773E-10
    0.169222E-10
    0.606158E-11
    0.516198E-11
   -0.372646E-01
    0.444056E-11
    0.578254E-11
    0.204695E-11
    0.175545E-11
   -0.372646E-01
    0.154213E-11
    0.197688E-11
    0.691508E-12
    0.596200E-12
   -0.372646E-01
    0.535295E-12
    0.676217E-12
    0.233699E-12
    0.202327E-12
   -0.372646E-01
    0.185765E-12
    0.231481E-12
    0.790225E-13
    0.686526E-13
   -0.372646E-01
    0.644409E-13
    0.792815E-13
    0.267167E-13
    0.232796E-13
   -0.372646E-01
    0.223480E-13
    0.271645E-13
    0.902559E-14
    0.788563E-14
   -0.372646E-01
    0.774890E-14
    0.931558E-14
    0.305464E-14
    0.267219E-14
   -0.372646E-01
    0.268208E-14
    0.318895E-14
    0.102061E-14
    0.897955E-15
   -0.372646E-01
    0.928402E-15
    0.109323E-14
    0.342236E-15
    0.297975E-15
   -0.372646E-01
    0.322100E-15
    0.377889E-15
    0.117986E-15
    0.104927E-15
   -0.372646E-01
    0.107178E-15
    0.121648E-15
    0.326896E-16
    0.253274E-16
   -0.372646E-01
    0.418209E-16
    0.473525E-16
    0.144954E-16
    0.163774E-16
   -0.372646E-01
    0.113745E-16
    0.158040E-16
    0.681509E-17
    0.101948E-16
   -0.372646E-01
   -0.737211E-17
   -0.134735E-16
   -0.164200E-16
   -0.186106E-16
   -0.372646E-01
    0.115938E-16
    0.148071E-16
    0.186679E-16
    0.170608E-16
   -0.372646E-01
    0.385738E-18
    0.169786E-17
   -0.365842E-17
   -0.579010E-17
   -0.372646E-01
   -0.341167E-17
   -0.556059E-17
   -0.923445E-17
   -0.370802E-17
   -0.372646E-01
   -0.613360E-17
   -0.119359E-16
   -0.116568E-16
   -0.116034E-16
   -0.372646E-01
    0.986371E-17
    0.188331E-16
    0.190965E-16
    0.164023E-16
   -0.372646E-01
   -0.103310E-16
   -0.124085E-16
   -0.141888E-16
   -0.124053E-16
   -0.372646E-01
    0.483996E-17
    0.481447E-17
    0.360900E-17
    0.386338E-17
   -0.372646E-01
    0.592407E-17
    0.827764E-17
    0.124950E-16
    0.120676E-16
   -0.372646E-01

   IT    L2-NORM(R)         UNIF-NORM(R)
   0 0.247052942201E-01 0.100000000000E+01
  40 0.515199173658E-17 0.145716771982E-15
  NEGATIVE CHARGES AT
 ( 21,  5, 10) ( 21,  5, 24) ( 33,  7, 10) (  7,  7,  7) ( 20, 25, 17)
 ( 10, 18,  6) ( 20, 10, 26) ( 29, 16,  6) (  3, 13, 18) ( 23, 23, 31)
  POSITIVE CHARGES AT
 (  7, 18, 23) ( 32, 14,  7) ( 29, 20,  4) ( 18, 10, 24) ( 25, 13, 33)
 ( 14, 26, 19) ( 27, 13, 16) (  7,  8, 18) ( 33, 24,  3) ( 22, 25, 11)
    0.214005E-02
    0.442505E-02
    0.157356E-03
    0.496379E-03
    0.472411E-03
    0.106922E-02
    0.134982E-02
    0.687226E-04
    0.391487E-03
    0.877584E-03
    0.319210E-03
    0.236109E-03
    0.105215E-04
    0.907205E-04
    0.968304E-03
    0.806697E-04
    0.411551E-04
   -0.550892E-05
    0.127321E-04
    0.982965E-03
    0.188880E-04
    0.538499E-05
   -0.455370E-05
   -0.115725E-05
    0.983012E-03
    0.418597E-05
   -0.151201E-06
   -0.224497E-05
   -0.174285E-05
    0.981783E-03
    0.876091E-06
   -0.501623E-06
   -0.927659E-06
   -0.916353E-06
    0.981070E-03
    0.167259E-06
   -0.271114E-06
   -0.350465E-06
   -0.385671E-06
    0.980757E-03
    0.257213E-07
   -0.114079E-06
   -0.126095E-06
   -0.148081E-06
    0.980635E-03
    0.120414E-08
   -0.434641E-07
   -0.440944E-07
   -0.543130E-07
    0.980590E-03
   -0.146973E-08
   -0.157570E-07
   -0.151701E-07
   -0.194318E-07
    0.980574E-03
   -0.987363E-09
   -0.556035E-08
   -0.517177E-08
   -0.686029E-08
    0.980568E-03
   -0.468709E-09
   -0.193304E-08
   -0.175525E-08
   -0.240480E-08
    0.980566E-03
   -0.197659E-09
   -0.666717E-09
   -0.594778E-09
   -0.840197E-09
    0.980565E-03
   -0.788327E-10
   -0.229123E-09
   -0.201617E-09
   -0.293212E-09
    0.980565E-03
   -0.305033E-10
   -0.786695E-10
   -0.684546E-10
   -0.102342E-09
    0.980565E-03
   -0.115940E-10
   -0.270340E-10
   -0.232993E-10
   -0.357528E-10
    0.980565E-03
   -0.435781E-11
   -0.930821E-11
   -0.795404E-11
   -0.125062E-10
    0.980565E-03
   -0.162600E-11
   -0.321349E-11
   -0.272450E-11
   -0.438109E-11
    0.980565E-03
   -0.603664E-12
   -0.111281E-11
   -0.936549E-12
   -0.153710E-11
    0.980565E-03
   -0.223312E-12
   -0.386630E-12
   -0.323121E-12
   -0.540108E-12
    0.980565E-03
   -0.823902E-13
   -0.134782E-12
   -0.111893E-12
   -0.190060E-12
    0.980565E-03
   -0.303329E-13
   -0.471420E-13
   -0.388885E-13
   -0.669711E-13
    0.980565E-03
   -0.111533E-13
   -0.165463E-13
   -0.135679E-13
   -0.236329E-13
    0.980565E-03
   -0.409165E-14
   -0.582326E-14
   -0.474660E-14
   -0.834567E-14
    0.980565E-03
   -0.150422E-14
   -0.205855E-14
   -0.167010E-14
   -0.295482E-14
    0.980565E-03
   -0.549071E-15
   -0.724875E-15
   -0.584985E-15
   -0.104218E-14
    0.980565E-03
   -0.196323E-15
   -0.253329E-15
   -0.201275E-15
   -0.363772E-15
    0.980565E-03
   -0.748362E-16
   -0.943614E-16
   -0.766631E-16
   -0.134855E-15
    0.980565E-03
   -0.271083E-16
   -0.337512E-16
   -0.272408E-16
   -0.473460E-16
    0.980565E-03
   -0.137915E-16
   -0.133236E-16
   -0.111846E-16
   -0.184710E-16
    0.980565E-03
    0.335432E-17
   -0.704930E-18
    0.107700E-17
   -0.149749E-17
    0.980565E-03
   -0.340558E-17
   -0.267644E-17
   -0.262157E-17
   -0.337683E-17
    0.980565E-03
   -0.615798E-17
   -0.331685E-17
   -0.410077E-17
   -0.491201E-17
    0.980565E-03
    0.135332E-17
   -0.714803E-18
   -0.161270E-18
   -0.379564E-19
    0.980565E-03
   -0.132837E-17
    0.210933E-18
   -0.736116E-19
    0.280850E-18
    0.980565E-03
    0.166810E-17
   -0.381728E-20
   -0.762730E-18
   -0.766849E-18
    0.980565E-03
    0.179394E-17
    0.254087E-17
    0.273329E-17
    0.236251E-17
    0.980565E-03
   -0.349888E-17
   -0.359276E-17
   -0.464479E-17
   -0.445466E-17
    0.980565E-03
    0.135151E-17
    0.962117E-18
    0.169783E-17
    0.169419E-17
    0.980565E-03

   IT    L2-NORM(R)         UNIF-NORM(R)
   0 0.247052942201E-01 0.100000000000E+01
  40 0.412793638975E-17 0.176941794550E-15
  NEGATIVE CHARGES AT
 ( 24, 22, 30) ( 10,  7, 29) ( 24, 31,  9) ( 30, 15, 10) (  5, 18, 18)
 ( 18,  5, 18) ( 19, 25, 16) (  6, 13,  2) ( 10, 14, 24) ( 31, 10, 25)
  POSITIVE CHARGES AT
 ( 10,  2,  7) ( 30, 22,  4) (  4, 14, 11) ( 21, 24, 15) ( 25, 28, 14)
 ( 25, 13, 28) ( 33, 10, 18) ( 21, 15, 15) ( 24, 13, 23) ( 14, 15,  6)
    0.504684E-02
    0.325394E-02
    0.835935E-03
    0.960981E-03
    0.102157E-02
    0.842262E-03
    0.905002E-03
    0.682256E-03
    0.663241E-03
    0.168140E-02
    0.110912E-03
    0.208651E-03
    0.132364E-03
    0.139897E-03
    0.181960E-02
    0.115144E-04
    0.462775E-04
    0.210475E-04
    0.252920E-04
    0.184447E-02
   -0.191719E-05
    0.870014E-05
    0.129188E-05
    0.270880E-05
    0.184704E-02
   -0.221532E-05
    0.957420E-06
   -0.104026E-05
   -0.614348E-06
    0.184638E-02
   -0.119338E-05
   -0.234799E-06
   -0.728562E-06
   -0.609081E-06
    0.184575E-02
   -0.530651E-06
   -0.237247E-06
   -0.343054E-06
   -0.312148E-06
    0.184543E-02
   -0.216084E-06
   -0.125317E-06
   -0.141384E-06
   -0.133935E-06
    0.184529E-02
   -0.838035E-07
   -0.555360E-07
   -0.547085E-07
   -0.530295E-07
    0.184524E-02
   -0.315578E-07
   -0.227173E-07
   -0.204585E-07
   -0.201037E-07
    0.184522E-02
   -0.116644E-07
   -0.889264E-08
   -0.750089E-08
   -0.742754E-08
    0.184521E-02
   -0.425962E-08
   -0.338913E-08
   -0.271772E-08
   -0.270085E-08
    0.184521E-02
   -0.154315E-08
   -0.126946E-08
   -0.977576E-09
   -0.972172E-09
    0.184521E-02
   -0.556065E-09
   -0.469932E-09
   -0.350066E-09
   -0.347650E-09
    0.184521E-02
   -0.199651E-09
   -0.172521E-09
   -0.125008E-09
   -0.123791E-09
    0.184520E-02
   -0.715059E-10
   -0.629536E-10
   -0.445624E-10
   -0.439578E-10
    0.184520E-02
   -0.255661E-10
   -0.228678E-10
   -0.158680E-10
   -0.155813E-10
    0.184520E-02
   -0.912982E-11
   -0.827768E-11
   -0.564645E-11
   -0.551662E-11
    0.184520E-02
   -0.325748E-11
   -0.298811E-11
   -0.200834E-11
   -0.195177E-11
    0.184520E-02
   -0.116151E-11
   -0.107627E-11
   -0.714119E-12
   -0.690230E-12
    0.184520E-02
   -0.413952E-12
   -0.386948E-12
   -0.253873E-12
   -0.244029E-12
    0.184520E-02
   -0.147473E-12
   -0.138907E-12
   -0.902381E-13
   -0.862612E-13
    0.184520E-02
   -0.525241E-13
   -0.498027E-13
   -0.320738E-13
   -0.304923E-13
    0.184520E-02
   -0.186989E-13
   -0.178343E-13
   -0.113965E-13
   -0.107755E-13
    0.184520E-02
   -0.666121E-14
   -0.638570E-14
   -0.405365E-14
   -0.381231E-14
    0.184520E-02
   -0.237140E-14
   -0.228370E-14
   -0.144142E-14
   -0.134869E-14
    0.184520E-02
   -0.841985E-15
   -0.812723E-15
   -0.509580E-15
   -0.474341E-15
    0.184520E-02
   -0.299811E-15
   -0.290188E-15
   -0.181030E-15
   -0.167762E-15
    0.184520E-02
   -0.107066E-15
   -0.105023E-15
   -0.656561E-16
   -0.603777E-16
    0.184520E-02
   -0.351444E-16
   -0.349216E-16
   -0.208370E-16
   -0.188345E-16
    0.184520E-02
   -0.143595E-16
   -0.134588E-16
   -0.715597E-17
   -0.681619E-17
    0.184520E-02
   -0.584767E-17
   -0.737914E-17
   -0.595706E-17
   -0.546691E-17
    0.184520E-02
   -0.126955E-17
    0.175955E-18
    0.900884E-18
    0.118506E-17
    0.184520E-02
   -0.245351E-17
   -0.327815E-17
   -0.347843E-17
   -0.348300E-17
    0.184520E-02
    0.421470E-17
    0.578894E-17
    0.597673E-17
    0.631307E-17
    0.184520E-02
   -0.156101E-17
   -0.220474E-17
   -0.184637E-17
   -0.231176E-17
    0.184520E-02
    0.299226E-17
    0.320992E-17
    0.330322E-17
    0.322293E-17
    0.184520E-02
   -0.236828E-17
   -0.270689E-17
   -0.294691E-17
   -0.291595E-17
    0.184520E-02
    0.294644E-17
    0.465658E-17
    0.489625E-17
    0.506152E-17
    0.184520E-02

   IT    L2-NORM(R)         UNIF-NORM(R)
   0 0.247052942201E-01 0.100000000000E+01
  40 0.437651740234E-17 0.152655665886E-15
  NEGATIVE CHARGES AT
 ( 19,  8,  4) ( 27, 29, 18) ( 28,  5,  7) ( 10, 20, 20) (  4, 14,  5)
 ( 28, 12, 26) ( 22, 16, 14) ( 18, 12, 11) ( 12,  9, 24) (  7,  2, 26)
  POSITIVE CHARGES AT
 ( 33, 10,  9) (  6, 21, 32) (  2, 33,  3) ( 32, 27, 10) ( 33, 27, 28)
 ( 32, 33, 23) ( 20, 26, 11) (  5, 27, 26) ( 16, 17, 25) ( 11, 16,  9)
   -0.299644E-01
   -0.372238E-01
   -0.506164E-01
   -0.246726E-01
   -0.325362E-01
   -0.117858E-02
   -0.911146E-03
   -0.327227E-02
   -0.287908E-02
   -0.326450E-01
    0.176168E-04
    0.107648E-03
   -0.353399E-03
   -0.393100E-03
   -0.332609E-01
    0.506251E-04
    0.747549E-04
   -0.235652E-04
   -0.253857E-04
   -0.332127E-01
    0.213728E-04
    0.280651E-04
    0.345466E-05
    0.590735E-06
   -0.332157E-01
    0.748292E-05
    0.940327E-05
    0.255752E-05
    0.213378E-05
   -0.332113E-01
    0.251186E-05
    0.308100E-05
    0.100417E-05
    0.886231E-06
   -0.332104E-01
    0.840203E-06
    0.101260E-05
    0.352972E-06
    0.333490E-06
   -0.332100E-01
    0.283033E-06
    0.335984E-06
    0.120622E-06
    0.116331E-06
   -0.332099E-01
    0.961763E-07
    0.112576E-06
    0.412793E-07
    0.404426E-07
   -0.332098E-01
    0.329296E-07
    0.380362E-07
    0.142382E-07
    0.139858E-07
   -0.332098E-01
    0.113418E-07
    0.129377E-07
    0.495684E-08
    0.485676E-08
   -0.332098E-01
    0.392406E-08
    0.442429E-08
    0.173915E-08
    0.169063E-08
   -0.332098E-01
    0.136232E-08
    0.151952E-08
    0.614007E-09
    0.590344E-09
   -0.332098E-01
    0.474228E-09
    0.523753E-09
    0.217796E-09
    0.206580E-09
   -0.332098E-01
    0.165438E-09
    0.181081E-09
    0.775301E-10
    0.724223E-10
   -0.332098E-01
    0.578196E-10
    0.627741E-10
    0.276732E-10
    0.254249E-10
   -0.332098E-01
    0.202398E-10
    0.218134E-10
    0.989787E-11
    0.893620E-11
   -0.332098E-01
    0.709513E-11
    0.759638E-11
    0.354586E-11
    0.314393E-11
   -0.332098E-01
    0.249053E-11
    0.265068E-11
    0.127190E-11
    0.110707E-11
   -0.332098E-01
    0.875308E-12
    0.926632E-12
    0.456687E-12
    0.390144E-12
   -0.332098E-01
    0.307992E-12
    0.324497E-12
    0.164110E-12
    0.137596E-12
   -0.332098E-01
    0.108503E-12
    0.113826E-12
    0.590183E-13
    0.485743E-13
   -0.332098E-01
    0.382624E-13
    0.399868E-13
    0.212347E-13
    0.171542E-13
   -0.332098E-01
    0.135027E-13
    0.140615E-13
    0.763351E-14
    0.605684E-14
   -0.332098E-01
    0.476936E-14
    0.495499E-14
    0.275047E-14
    0.213786E-14
   -0.332098E-01
    0.169377E-14
    0.175190E-14
    0.998003E-15
    0.763430E-15
   -0.332098E-01
    0.602015E-15
    0.618797E-15
    0.354877E-15
    0.263739E-15
   -0.332098E-01
    0.215523E-15
    0.228543E-15
    0.144437E-15
    0.106577E-15
   -0.332098E-01
    0.696160E-16
    0.704504E-16
    0.380836E-16
    0.229229E-16
   -0.332098E-01
    0.291375E-16
    0.267936E-16
    0.120698E-16
    0.301622E-17
   -0.332098E-01
    0.221324E-17
   -0.978329E-18
   -0.639096E-18
   -0.595838E-18
   -0.332098E-01
    0.156803E-16
    0.217559E-16
    0.206440E-16
    0.152138E-16
   -0.332098E-01
   -0.833257E-17
   -0.647974E-17
   -0.102828E-16
   -0.116534E-16
   -0.332098E-01
    0.718584E-17
    0.980187E-17
    0.104483E-16
    0.684923E-17
   -0.332098E-01
   -0.254508E-17
   -0.102476E-16
   -0.149475E-16
   -0.161534E-16
   -0.332098E-01
   -0.177759E-17
    0.770695E-18
    0.268813E-17
    0.237588E-17
   -0.332098E-01
    0.440841E-17
    0.110609E-17
   -0.307073E-17
   -0.114537E-17
   -0.332098E-01
   -0.740070E-17
   -0.448036E-17
   -0.335249E-18
   -0.509320E-17
   -0.332098E-01
    0.220485E-17
   -0.345946E-20
   -0.265589E-18
    0.253382E-17
   -0.332098E-01

   IT    L2-NORM(R)         UNIF-NORM(R)
   0 0.247052942201E-01 0.100000000000E+01
  40 0.539524273128E-17 0.208166817117E-15
  NEGATIVE CHARGES AT
 ( 33,  5, 33) ( 10, 17, 21) ( 23, 18, 32) ( 32,  6, 25) ( 22,  2, 20)
 ( 12, 32,  5) (  8, 13,  4) ( 32,  4, 26) (  4, 15, 33) (  4, 11, 33)
  POSITIVE CHARGES AT
 ( 24, 19, 29) ( 31, 22,  6) ( 33, 11,  8) ( 31, 17, 30) ( 28,  3, 28)
 ( 31,  8,  5) (  2, 13,  2) ( 27, 13, 28) ( 12, 11, 15) (  4, 33, 12)
    0.141678E-01
    0.188446E-01
   -0.149544E-02
    0.107943E-01
    0.972599E-02
   -0.107142E-02
   -0.135789E-02
    0.129059E-02
    0.159874E-02
    0.102449E-01
   -0.182297E-03
   -0.100539E-03
    0.878261E-04
    0.879887E-04
    0.103436E-01
   -0.413272E-04
   -0.132374E-06
    0.284408E-04
    0.261973E-04
    0.103388E-01
   -0.109208E-04
    0.480337E-05
    0.811693E-05
    0.453094E-05
    0.103449E-01
   -0.320480E-05
    0.223520E-05
    0.286302E-05
    0.107488E-05
    0.103454E-01
   -0.994906E-06
    0.821439E-06
    0.100182E-05
    0.232956E-06
    0.103458E-01
   -0.318856E-06
    0.279204E-06
    0.351215E-06
    0.549723E-07
    0.103459E-01
   -0.104268E-06
    0.916152E-07
    0.121011E-06
    0.115621E-07
    0.103459E-01
   -0.345916E-07
    0.294554E-07
    0.411997E-07
    0.208670E-08
    0.103460E-01
   -0.116013E-07
    0.933183E-08
    0.138717E-07
    0.126306E-09
    0.103460E-01
   -0.392322E-08
    0.291974E-08
    0.463399E-08
   -0.135141E-09
    0.103460E-01
   -0.133502E-08
    0.902698E-09
    0.153870E-08
   -0.103723E-09
    0.103460E-01
   -0.456386E-09
    0.275683E-09
    0.508760E-09
   -0.538408E-10
    0.103460E-01
   -0.156536E-09
    0.830665E-10
    0.167711E-09
   -0.243747E-10
    0.103460E-01
   -0.538146E-10
    0.246415E-10
    0.551763E-10
   -0.102673E-10
    0.103460E-01
   -0.185296E-10
    0.717210E-11
    0.181310E-10
   -0.414021E-11
    0.103460E-01
   -0.638658E-11
    0.203703E-11
    0.595457E-11
   -0.162086E-11
    0.103460E-01
   -0.220255E-11
    0.559546E-12
    0.195557E-11
   -0.621288E-12
    0.103460E-01
   -0.759809E-12
    0.146307E-12
    0.642534E-12
   -0.234403E-12
    0.103460E-01
   -0.262111E-12
    0.352893E-13
    0.211308E-12
   -0.873478E-13
    0.103460E-01
   -0.904123E-13
    0.724087E-14
    0.695746E-13
   -0.322411E-13
    0.103460E-01
   -0.311855E-13
    0.902413E-15
    0.229425E-13
   -0.118073E-13
    0.103460E-01
   -0.107493E-13
   -0.206977E-15
    0.758319E-14
   -0.429788E-14
    0.103460E-01
   -0.369691E-14
   -0.230207E-15
    0.251681E-14
   -0.154877E-14
    0.103460E-01
   -0.127458E-14
   -0.135547E-15
    0.836163E-15
   -0.558208E-15
    0.103460E-01
   -0.442145E-15
   -0.659499E-16
    0.267756E-15
   -0.208262E-15
    0.103460E-01
   -0.142758E-15
   -0.156647E-16
    0.103232E-15
   -0.594020E-16
    0.103460E-01
   -0.520887E-16
   -0.125577E-16
    0.325678E-16
   -0.232216E-16
    0.103460E-01
   -0.131241E-16
    0.191814E-17
    0.162784E-16
   -0.451475E-17
    0.103460E-01
    0.178748E-17
    0.539021E-17
    0.109523E-16
    0.384219E-17
    0.103460E-01
   -0.912637E-17
   -0.824944E-17
   -0.768533E-17
   -0.975885E-17
    0.103460E-01
    0.733320E-17
    0.553086E-17
    0.536211E-17
    0.616993E-17
    0.103460E-01
    0.407851E-17
    0.614061E-17
    0.498451E-17
    0.713320E-17
    0.103460E-01
   -0.586171E-17
   -0.615693E-18
    0.247029E-17
    0.109339E-18
    0.103460E-01
    0.288846E-17
    0.107484E-17
    0.221183E-17
    0.140211E-17
    0.103460E-01
    0.402470E-18
    0.146169E-17
    0.163656E-17
    0.311852E-19
    0.103460E-01
    0.333105E-17
    0.207096E-17
    0.134316E-17
   -0.695535E-18
    0.103460E-01
   -0.157119E-17
    0.106859E-17
    0.827112E-18
    0.830087E-19
    0.103460E-01
   -0.372257E-17
   -0.701971E-17
   -0.605397E-17
   -0.722637E-17
    0.103460E-01

   IT    L2-NORM(R)         UNIF-NORM(R)
   0 0.247052942201E-01 0.100000000000E+01
  40 0.462048925937E-17 0.142247325030E-15
  NEGATIVE CHARGES AT
 ( 16, 30,  3) ( 14, 11,  4) (  5, 26, 10) ( 32, 29, 28) (  8,  4, 25)
 ( 12, 25,  8) (  9, 23, 25) ( 20, 25, 19) ( 29, 24, 26) (  9,  2, 25)
  POSITIVE CHARGES AT
 ( 10,  7,  6) (  6, 22, 16) (  5,  6, 29) ( 21, 10, 30) ( 19, 17,  3)
 ( 19, 22, 10) ( 26, 16,  5) ( 33, 20,  4) (  9,  3,  3) ( 19, 23, 24)
    0.365829E-02
    0.101509E-01
    0.493936E-02
    0.284715E-02
    0.307128E-02
    0.514078E-03
    0.225584E-03
    0.975521E-04
    0.197189E-03
    0.326762E-02
    0.708937E-04
   -0.338180E-04
   -0.676169E-04
   -0.398705E-04
    0.324193E-02
    0.987315E-05
   -0.259528E-04
   -0.206875E-04
   -0.140778E-04
    0.323091E-02
    0.293130E-05
   -0.935402E-05
   -0.456980E-05
   -0.195232E-05
    0.322896E-02
    0.147552E-05
   -0.262213E-05
   -0.596551E-06
    0.373637E-06
    0.322911E-02
    0.732291E-06
   -0.611474E-06
    0.956367E-07
    0.419500E-06
    0.322944E-02
    0.329460E-06
   -0.105536E-06
    0.120152E-06
    0.226038E-06
    0.322963E-02
    0.137646E-06
   -0.212414E-08
    0.662502E-07
    0.995726E-07
    0.322972E-02
    0.547694E-07
    0.100608E-07
    0.299877E-07
    0.402566E-07
    0.322975E-02
    0.211139E-07
    0.684411E-08
    0.124408E-07
    0.155340E-07
    0.322977E-02
    0.797245E-08
    0.342190E-08
    0.492435E-08
    0.583569E-08
    0.322977E-02
    0.296910E-08
    0.151792E-08
    0.189491E-08
    0.215659E-08
    0.322977E-02
    0.109548E-08
    0.632443E-09
    0.716036E-09
    0.788728E-09
    0.322978E-02
    0.401598E-09
    0.253718E-09
    0.267254E-09
    0.286519E-09
    0.322978E-02
    0.146558E-09
    0.992759E-10
    0.988825E-10
    0.103613E-09
    0.322978E-02
    0.533094E-10
    0.381726E-10
    0.363522E-10
    0.373535E-10
    0.322978E-02
    0.193440E-10
    0.144913E-10
    0.132995E-10
    0.134369E-10
    0.322978E-02
    0.700622E-11
    0.544818E-11
    0.484733E-11
    0.482583E-11
    0.322978E-02
    0.253390E-11
    0.203289E-11
    0.176145E-11
    0.173111E-11
    0.322978E-02
    0.915342E-12
    0.753973E-12
    0.638534E-12
    0.620403E-12
    0.322978E-02
    0.330336E-12
    0.278274E-12
    0.231015E-12
    0.222180E-12
    0.322978E-02
    0.119119E-12
    0.102292E-12
    0.834421E-13
    0.795193E-13
    0.322978E-02
    0.429193E-13
    0.374760E-13
    0.300985E-13
    0.284463E-13
    0.322978E-02
    0.154579E-13
    0.136907E-13
    0.108441E-13
    0.101718E-13
    0.322978E-02
    0.556239E-14
    0.498739E-14
    0.390305E-14
    0.363620E-14
    0.322978E-02
    0.200134E-14
    0.181500E-14
    0.140318E-14
    0.129813E-14
    0.322978E-02
    0.714815E-15
    0.656839E-15
    0.502742E-15
    0.461873E-15
    0.322978E-02
    0.263426E-15
    0.242611E-15
    0.185699E-15
    0.170496E-15
    0.322978E-02
    0.858102E-16
    0.766188E-16
    0.558586E-16
    0.500765E-16
    0.322978E-02
    0.372486E-16
    0.345302E-16
    0.260902E-16
    0.232245E-16
    0.322978E-02
    0.878400E-17
    0.554759E-17
    0.222752E-17
    0.119117E-17
    0.322978E-02
    0.142760E-17
    0.383088E-17
    0.372177E-17
    0.376873E-17
    0.322978E-02
    0.736195E-17
    0.815601E-17
    0.702580E-17
    0.664843E-17
    0.322978E-02
   -0.285341E-17
   -0.482094E-17
   -0.409220E-17
   -0.354522E-17
    0.322978E-02
   -0.268569E-17
    0.424018E-18
   -0.967289E-18
   -0.152263E-17
    0.322978E-02
   -0.728891E-18
   -0.205383E-17
   -0.128853E-17
   -0.388032E-18
    0.322978E-02
   -0.318902E-17
   -0.285204E-17
   -0.484540E-17
   -0.510008E-17
    0.322978E-02
    0.303094E-17
    0.365012E-17
    0.474870E-17
    0.528959E-17
    0.322978E-02
   -0.475890E-17
   -0.555484E-17
   -0.672099E-17
   -0.689295E-17
    0.322978E-02

   IT    L2-NORM(R)         UNIF-NORM(R)
   0 0.247052942201E-01 0.100000000000E+01
  40 0.494745127270E-17 0.114491749414E-15
  NEGATIVE CHARGES AT
 (  4, 27, 29) ( 26, 32, 28) ( 30, 11, 21) (  7,  5, 31) ( 31, 30, 33)
 ( 11, 30, 11) ( 19, 30,  7) ( 20, 30, 27) ( 20,  6, 26) ( 21, 13,  9)
  POSITIVE CHARGES AT
 ( 21, 29, 23) ( 23, 13, 32) ( 29, 30, 17) (  4, 21, 29) ( 31,  7, 24)
 (  9,  6, 28) (  9, 26, 24) (  8,  9, 27) ( 26, 17, 26) ( 22, 15, 32)
    0.257645E-01
    0.331001E-01
    0.267090E-01
    0.250112E-01
    0.217621E-01
    0.204106E-02
    0.281053E-02
    0.126913E-02
    0.117722E-02
    0.229838E-01
    0.336831E-03
    0.562039E-03
    0.238806E-03
    0.224499E-04
    0.231866E-01
    0.728219E-04
    0.138125E-03
    0.737526E-04
    0.228875E-04
    0.232226E-01
    0.190713E-04
    0.382211E-04
    0.226636E-04
    0.596902E-05
    0.232373E-01
    0.563743E-05
    0.114107E-04
    0.705728E-05
    0.224331E-05
    0.232411E-01
    0.177422E-05
    0.356041E-05
    0.219616E-05
    0.717474E-06
    0.232424E-01
    0.576418E-06
    0.113911E-05
    0.687935E-06
    0.236629E-06
    0.232428E-01
    0.190619E-06
    0.369994E-06
    0.217146E-06
    0.754308E-07
    0.232429E-01
    0.637504E-07
    0.121346E-06
    0.692085E-07
    0.241797E-07
    0.232430E-01
    0.214905E-07
    0.400667E-07
    0.222692E-07
    0.770330E-08
    0.232430E-01
    0.728759E-08
    0.132960E-07
    0.723148E-08
    0.246155E-08
    0.232430E-01
    0.248259E-08
    0.442967E-08
    0.236764E-08
    0.786487E-09
    0.232430E-01
    0.848737E-09
    0.148057E-08
    0.780842E-09
    0.251685E-09
    0.232430E-01
    0.290980E-09
    0.496226E-09
    0.259149E-09
    0.805611E-10
    0.232430E-01
    0.999847E-10
    0.166713E-09
    0.864797E-10
    0.257890E-10
    0.232430E-01
    0.344194E-10
    0.561295E-10
    0.289967E-10
    0.824931E-11
    0.232430E-01
    0.118671E-10
    0.189348E-10
    0.976341E-11
    0.263539E-11
    0.232430E-01
    0.409697E-11
    0.639911E-11
    0.329966E-11
    0.840278E-12
    0.232430E-01
    0.141608E-11
    0.216632E-11
    0.111889E-11
    0.267220E-12
    0.232430E-01
    0.490001E-12
    0.734599E-12
    0.380579E-12
    0.847135E-13
    0.232430E-01
    0.169713E-12
    0.249487E-12
    0.129807E-12
    0.267422E-13
    0.232430E-01
    0.588378E-13
    0.848681E-13
    0.443925E-13
    0.840495E-14
    0.232430E-01
    0.204259E-13
    0.289203E-13
    0.152319E-13
    0.263601E-14
    0.232430E-01
    0.708985E-14
    0.986419E-14
    0.522662E-14
    0.809598E-15
    0.232430E-01
    0.246115E-14
    0.336120E-14
    0.178721E-14
    0.237887E-15
    0.232430E-01
    0.858247E-15
    0.115935E-14
    0.629161E-15
    0.806540E-16
    0.232430E-01
    0.302420E-15
    0.403334E-15
    0.222956E-15
    0.289742E-16
    0.232430E-01
    0.108423E-15
    0.138692E-15
    0.796622E-16
    0.119378E-16
    0.232430E-01
    0.362056E-16
    0.453155E-16
    0.234757E-16
    0.284935E-17
    0.232430E-01
    0.163851E-17
    0.963411E-18
   -0.248958E-17
   -0.133817E-16
    0.232430E-01
    0.635411E-17
    0.111932E-16
    0.596663E-17
    0.505721E-17
    0.232430E-01
   -0.958954E-18
   -0.688798E-18
    0.725136E-18
   -0.119496E-18
    0.232430E-01
    0.461108E-17
    0.666649E-17
    0.593450E-17
    0.196592E-17
    0.232430E-01
    0.644970E-18
   -0.409703E-17
   -0.575747E-17
   -0.820381E-17
    0.232430E-01
    0.203550E-17
    0.249128E-17
    0.298356E-17
   -0.439484E-18
    0.232430E-01
    0.687965E-17
    0.103659E-16
    0.107509E-16
    0.940175E-17
    0.232430E-01
   -0.639534E-17
   -0.816046E-17
   -0.606035E-17
   -0.531852E-17
    0.232430E-01
    0.477707E-17
    0.391725E-17
    0.419630E-17
    0.369477E-18
    0.232430E-01
   -0.487835E-17
   -0.804866E-17
   -0.621811E-17
   -0.563932E-17
    0.232430E-01

   IT    L2-NORM(R)         UNIF-NORM(R)
   0 0.247052942201E-01 0.100000000000E+01
  40 0.514681931992E-17 0.145716771982E-15
