 ::::::::::::::::::::::::::::::::::::::::::::::::
 ::SIMULATION OF ISOTROPIC, DECAYING TURBULENCE::
 ::::::::::::::::::::::::::::::::::::::::::::::::


      NX      NY      NZ
      64      64      64

    ISTART       NSTEPS    NAVG      NOUT      IALIAS     ITEST
         0       111        10        10         0         0

    REY       XNU       DT   
 100.00000    .01000    .00200

 INITIAL VELOCITY IS A TAYLOR-GREEN VORTEX
ISTEP=   0  TIME=   .0000

 EU,EV,EW    =   .625000000000E-01   .625000000000E-01   .000000000000E+00
 EOX,EOY,EOZ =   .625000000000E-01   .625000000000E-01   .250000000000E+00
ISTEP=  10  TIME=   .0200

 EU,EV,EW    =   .624242648740E-01   .624242648740E-01   .155808881559E-05
 EOX,EOY,EOZ =   .624359507677E-01   .624359507677E-01   .249693943792E+00
ISTEP=  20  TIME=   .0400

 EU,EV,EW    =   .623470643533E-01   .623470643533E-01   .621437580180E-05
 EOX,EOY,EOZ =   .623936757947E-01   .623936757947E-01   .249375836204E+00
ISTEP=  30  TIME=   .0600

 EU,EV,EW    =   .622684059836E-01   .622684059836E-01   .139411938815E-04
 EOX,EOY,EOZ =   .623729831887E-01   .623729831887E-01   .249045779559E+00
ISTEP=  40  TIME=   .0800

 EU,EV,EW    =   .621882978354E-01   .621882978354E-01   .247099560140E-04
 EOX,EOY,EOZ =   .623736799074E-01   .623736799074E-01   .248703891007E+00
ISTEP=  50  TIME=   .1000

 EU,EV,EW    =   .621067484882E-01   .621067484882E-01   .384911706662E-04
 EOX,EOY,EOZ =   .623955717372E-01   .623955717372E-01   .248350302140E+00
ISTEP=  60  TIME=   .1200

 EU,EV,EW    =   .620237670172E-01   .620237670172E-01   .552544589510E-04
 EOX,EOY,EOZ =   .624384632917E-01   .624384632917E-01   .247985158598E+00
ISTEP=  70  TIME=   .1400

 EU,EV,EW    =   .619393629806E-01   .619393629806E-01   .749685727905E-04
 EOX,EOY,EOZ =   .625021580253E-01   .625021580253E-01   .247608619650E+00
ISTEP=  80  TIME=   .1600

 EU,EV,EW    =   .618535464078E-01   .618535464078E-01   .976014138093E-04
 EOX,EOY,EOZ =   .625864582582E-01   .625864582582E-01   .247220857761E+00
ISTEP=  90  TIME=   .1800

 EU,EV,EW    =   .617663277872E-01   .617663277872E-01   .123120052813E-03
 EOX,EOY,EOZ =   .626911652110E-01   .626911652110E-01   .246822058147E+00
ISTEP= 100  TIME=   .2000

 EU,EV,EW    =   .616777180541E-01   .616777180541E-01   .151490749774E-03
 EOX,EOY,EOZ =   .628160790475E-01   .628160790475E-01   .246412418305E+00
ISTEP= 110  TIME=   .2200

 EU,EV,EW    =   .615877285784E-01   .615877285784E-01   .182678974273E-03
 EOX,EOY,EOZ =   .629609989257E-01   .629609989257E-01   .245992147533E+00


 TOTAL NUMBER OF TRANSPOSES PERFORMED =   12180480
