  SAMPLE WEIBEL INSTABILITY                                              
0  NX=1250  NY=  60  XMAX=   .6250E+02  YMAX=   .3000E+01  DT=   .3000E-01

 TOTAL OF   750000 PARTICLES
 KSP =     1 QSPEC(KSP) =     -.10000E+00

 NP1= 750000 QMULT=   -.1 WMULT=   1.0 VMPX=    .100 VMPY=    .200
  XDRIFT=    .000 YDRIFT=    .000

 NET CHARGE IN SYSTEM =      .54031E-07
 INIT CALL TO TRANS
    RELATIVISTIC ELECTROMAGNETIC PARTICLE PUSH

 ENERGY CHECK     IT=     0  T=     .000

      EFE=  .1795E-04 EFB=  .1156E-05 EF=  .1911E-04 KINETIC=  .4219E+01  TOTAL=  .4219E+01 ELOSTB=  .0000E+00
 INITIALIZATION COMPLETED!
 NUM TIMESTEPS TO BE RUN =     40
 TIME STEP     5 COMPLETED 

 ENERGY CHECK     IT=    10  T=     .300

      EFE=  .5622E-03 EFB=  .3623E-03 EF=  .9245E-03 KINETIC=  .4217E+01  TOTAL=  .4218E+01 ELOSTB=  .0000E+00
 TIME STEP    10 COMPLETED 
 TIME STEP    15 COMPLETED 

 ENERGY CHECK     IT=    20  T=     .600

      EFE=  .1008E-02 EFB=  .3339E-03 EF=  .1342E-02 KINETIC=  .4216E+01  TOTAL=  .4218E+01 ELOSTB=  .0000E+00
 TIME STEP    20 COMPLETED 
 TIME STEP    25 COMPLETED 

 ENERGY CHECK     IT=    30  T=     .900

      EFE=  .1200E-02 EFB=  .2906E-03 EF=  .1490E-02 KINETIC=  .4216E+01  TOTAL=  .4217E+01 ELOSTB=  .0000E+00
 TIME STEP    30 COMPLETED 
 TIME STEP    35 COMPLETED 

 ENERGY CHECK     IT=    40  T=    1.200

      EFE=  .1284E-02 EFB=  .2858E-03 EF=  .1570E-02 KINETIC=  .4216E+01  TOTAL=  .4217E+01 ELOSTB=  .0000E+00
 TIME STEP    40 COMPLETED 
  NSTOP STOP     40 CYCLES COMPLETED
