 *** L702 STAND-ALONE TEST ***
 NATOMS=30
          .190567574        .163546422        .153650287
          .222129372        .188077952        .031879653
          .220018677        .183799335        .002909626
          .171427027        .138829548       -.074575602
          .210080003        .009178944        .167315367
          .233625648       -.000995266        .027803365
          .231664954        .001448734       -.006326132
          .169176951       -.006494665       -.111945387
          .160753781       -.101520042        .126297085
          .172582006       -.141361883        .016523061
          .161909284       -.143519607       -.015731978
          .115422681       -.137210697       -.117342302
          .008702550        .184863216        .166354223
          .008222696        .205031339        .029723158
          .006362187        .203219856       -.015917718
         -.008779978        .137908793       -.124645613
          .001949081        .009776185        .165224932
         -.002101995       -.010402410        .021915365
         -.165032214       -.060820076       -.069667825
         -.173861331       -.054224484       -.176049576
         -.132791218       -.181197339        .087005468
         -.184631535       -.237942166       -.018333894
         -.207802789       -.198650433       -.044066589
         -.186032393       -.172850632       -.159424379
         -.129266937        .135400466        .120131149
         -.182864474        .143894947        .011936784
         -.214185244        .025944526       -.050012208
         -.187896888       -.024252085       -.128580758
         -.210361654       -.096245573        .085481889
         -.298985822       -.163232903       -.101531451
 TWLDRV:  FMTGEN WAS CALLED   7279178 TIMES.
